2024-07-21 17:33:55,014 [INFO] bit_common: Namespace(name='grad_out_zero_num_c_50', model='BiT-M-R50x1', logdir='./', bit_pretrained_dir='.', dataset='cifar100', examples_per_class=None, examples_per_class_seed=0, batch=512, batch_split=1, base_lr=0.003, eval_every=None, datadir='../data', workers=24, save=True, steps=10000)
2024-07-21 17:33:55,491 [INFO] bit_common: Namespace(name='grad_out_zero_num_c_50', model='BiT-M-R50x1', logdir='./', bit_pretrained_dir='.', dataset='cifar100', examples_per_class=None, examples_per_class_seed=0, batch=512, batch_split=1, base_lr=0.003, eval_every=None, datadir='../data', workers=24, save=True, steps=10000)
2024-07-21 17:33:55,501 [INFO] bit_common: Namespace(name='grad_out_zero_num_c_50', model='BiT-M-R50x1', logdir='./', bit_pretrained_dir='.', dataset='cifar100', examples_per_class=None, examples_per_class_seed=0, batch=512, batch_split=1, base_lr=0.003, eval_every=None, datadir='../data', workers=24, save=True, steps=10000)
2024-07-21 17:33:55,501 [INFO] bit_common: Rank 0: Going to train on cuda:0
2024-07-21 17:33:56,845 [INFO] bit_common: Using a training set with 50000 images.
2024-07-21 17:33:56,845 [INFO] bit_common: Using a validation set with 10000 images.
2024-07-21 17:33:56,846 [INFO] bit_common: Loading model from BiT-M-R50x1.npz
2024-07-21 17:33:57,100 [INFO] bit_common: Moving model to GPU and wrapping with DDP
2024-07-21 17:33:58,701 [INFO] bit_common: Model will be saved in './grad_out_zero_num_c_50/bit.pth.tar'
2024-07-21 17:33:58,701 [INFO] bit_common: Fine-tuning from BiT
2024-07-21 17:33:58,703 [INFO] bit_common: Starting training!
2024-07-21 17:35:06,992 [INFO] bit_common: [step 0]: loss=4.60547 (lr=0.0e+00) zero_ratio1: 100.00000% zero_ratio2: 100.00000% zero_ratio3: 100.00000% zero_ratio4: 100.00000%
2024-07-21 17:35:08,607 [INFO] bit_common: [step 1]: loss=4.60547 (lr=6.0e-06) zero_ratio1: 100.00000% zero_ratio2: 100.00000% zero_ratio3: 100.00000% zero_ratio4: 100.00000%
2024-07-21 17:35:10,033 [INFO] bit_common: [step 2]: loss=4.60547 (lr=1.2e-05) zero_ratio1: 51.36719% zero_ratio2: 50.24858% zero_ratio3: 50.19141% zero_ratio4: 47.69212%
2024-07-21 17:35:11,465 [INFO] bit_common: [step 3]: loss=4.60488 (lr=1.8e-05) zero_ratio1: 50.52083% zero_ratio2: 49.81061% zero_ratio3: 43.51953% zero_ratio4: 41.66137%
2024-07-21 17:35:12,919 [INFO] bit_common: [step 4]: loss=4.60437 (lr=2.4e-05) zero_ratio1: 45.01953% zero_ratio2: 35.72443% zero_ratio3: 32.25783% zero_ratio4: 34.47465%
2024-07-21 17:35:14,361 [INFO] bit_common: [step 5]: loss=4.60085 (lr=3.0e-05) zero_ratio1: 39.32292% zero_ratio2: 34.29214% zero_ratio3: 41.12109% zero_ratio4: 43.06043%
2024-07-21 17:35:15,798 [INFO] bit_common: [step 6]: loss=4.59885 (lr=3.6e-05) zero_ratio1: 37.56510% zero_ratio2: 38.84943% zero_ratio3: 44.55859% zero_ratio4: 44.55517%
2024-07-21 17:35:17,237 [INFO] bit_common: [step 7]: loss=4.59374 (lr=4.2e-05) zero_ratio1: 44.20573% zero_ratio2: 45.04025% zero_ratio3: 45.86719% zero_ratio4: 45.44802%
2024-07-21 17:35:18,674 [INFO] bit_common: [step 8]: loss=4.58879 (lr=4.8e-05) zero_ratio1: 46.35417% zero_ratio2: 45.75047% zero_ratio3: 46.85547% zero_ratio4: 46.33291%
2024-07-21 17:35:20,111 [INFO] bit_common: [step 9]: loss=4.58170 (lr=5.4e-05) zero_ratio1: 45.93099% zero_ratio2: 46.47254% zero_ratio3: 46.05078% zero_ratio4: 44.81425%
2024-07-21 17:35:21,547 [INFO] bit_common: [step 10]: loss=4.57336 (lr=6.0e-05) zero_ratio1: 48.04688% zero_ratio2: 47.81013% zero_ratio3: 47.39844% zero_ratio4: 46.52026%
2024-07-21 17:35:22,982 [INFO] bit_common: [step 11]: loss=4.56403 (lr=6.6e-05) zero_ratio1: 48.07943% zero_ratio2: 47.76278% zero_ratio3: 47.53516% zero_ratio4: 46.20934%
2024-07-21 17:35:24,418 [INFO] bit_common: [step 12]: loss=4.55441 (lr=7.2e-05) zero_ratio1: 48.14453% zero_ratio2: 47.40767% zero_ratio3: 47.81250% zero_ratio4: 46.26515%
2024-07-21 17:35:25,854 [INFO] bit_common: [step 13]: loss=4.54221 (lr=7.8e-05) zero_ratio1: 47.65625% zero_ratio2: 47.14725% zero_ratio3: 47.23047% zero_ratio4: 45.48390%
2024-07-21 17:35:27,292 [INFO] bit_common: [step 14]: loss=4.53360 (lr=8.4e-05) zero_ratio1: 48.43750% zero_ratio2: 47.78646% zero_ratio3: 47.66797% zero_ratio4: 45.49585%
2024-07-21 17:35:28,732 [INFO] bit_common: [step 15]: loss=4.51517 (lr=9.0e-05) zero_ratio1: 46.61458% zero_ratio2: 48.11790% zero_ratio3: 47.94922% zero_ratio4: 45.30851%
2024-07-21 17:35:30,188 [INFO] bit_common: [step 16]: loss=4.50369 (lr=9.6e-05) zero_ratio1: 47.55859% zero_ratio2: 47.32481% zero_ratio3: 47.98828% zero_ratio4: 45.51579%
2024-07-21 17:35:31,628 [INFO] bit_common: [step 17]: loss=4.47965 (lr=1.0e-04) zero_ratio1: 46.87500% zero_ratio2: 47.77462% zero_ratio3: 48.06641% zero_ratio4: 45.44802%
2024-07-21 17:35:33,065 [INFO] bit_common: [step 18]: loss=4.46349 (lr=1.1e-04) zero_ratio1: 45.96354% zero_ratio2: 45.66761% zero_ratio3: 46.02344% zero_ratio4: 43.30756%
2024-07-21 17:35:34,503 [INFO] bit_common: [step 19]: loss=4.53406 (lr=1.1e-04) zero_ratio1: 44.66146% zero_ratio2: 45.28883% zero_ratio3: 45.42969% zero_ratio4: 42.13967%
2024-07-21 17:35:35,944 [INFO] bit_common: [step 20]: loss=4.41366 (lr=1.2e-04) zero_ratio1: 48.20964% zero_ratio2: 46.88684% zero_ratio3: 47.97266% zero_ratio4: 44.94180%
2024-07-21 17:35:37,387 [INFO] bit_common: [step 21]: loss=4.38723 (lr=1.3e-04) zero_ratio1: 47.72135% zero_ratio2: 46.59091% zero_ratio3: 46.98438% zero_ratio4: 44.11671%
2024-07-21 17:35:38,830 [INFO] bit_common: [step 22]: loss=4.51914 (lr=1.3e-04) zero_ratio1: 45.44271% zero_ratio2: 46.18845% zero_ratio3: 44.79297% zero_ratio4: 40.74458%
2024-07-21 17:35:40,273 [INFO] bit_common: [step 23]: loss=4.34415 (lr=1.4e-04) zero_ratio1: 48.89323% zero_ratio2: 48.36648% zero_ratio3: 47.71484% zero_ratio4: 44.37181%
2024-07-21 17:35:41,713 [INFO] bit_common: [step 24]: loss=4.30386 (lr=1.4e-04) zero_ratio1: 48.30729% zero_ratio2: 48.15341% zero_ratio3: 47.52344% zero_ratio4: 43.75000%
2024-07-21 17:35:43,155 [INFO] bit_common: [step 25]: loss=4.27730 (lr=1.5e-04) zero_ratio1: 48.95833% zero_ratio2: 48.47301% zero_ratio3: 47.57422% zero_ratio4: 43.98517%
2024-07-21 17:35:44,595 [INFO] bit_common: [step 26]: loss=4.25132 (lr=1.6e-04) zero_ratio1: 48.63281% zero_ratio2: 48.46117% zero_ratio3: 47.55469% zero_ratio4: 43.93734%
2024-07-21 17:35:46,039 [INFO] bit_common: [step 27]: loss=4.24984 (lr=1.6e-04) zero_ratio1: 47.88411% zero_ratio2: 48.23627% zero_ratio3: 47.27344% zero_ratio4: 43.39126%
2024-07-21 17:35:47,485 [INFO] bit_common: [step 28]: loss=4.19442 (lr=1.7e-04) zero_ratio1: 48.89323% zero_ratio2: 48.42566% zero_ratio3: 46.87891% zero_ratio4: 43.19595%
2024-07-21 17:35:48,927 [INFO] bit_common: [step 29]: loss=4.17358 (lr=1.7e-04) zero_ratio1: 49.34896% zero_ratio2: 48.72159% zero_ratio3: 47.50391% zero_ratio4: 43.18001%
2024-07-21 17:35:50,377 [INFO] bit_common: [step 30]: loss=4.12542 (lr=1.8e-04) zero_ratio1: 49.38151% zero_ratio2: 48.85180% zero_ratio3: 47.38672% zero_ratio4: 42.94483%
2024-07-21 17:35:51,824 [INFO] bit_common: [step 31]: loss=4.07348 (lr=1.9e-04) zero_ratio1: 49.44661% zero_ratio2: 48.89915% zero_ratio3: 47.39844% zero_ratio4: 42.25925%
2024-07-21 17:35:53,272 [INFO] bit_common: [step 32]: loss=4.03269 (lr=1.9e-04) zero_ratio1: 47.23307% zero_ratio2: 46.49621% zero_ratio3: 43.82425% zero_ratio4: 40.09487%
2024-07-21 17:35:54,718 [INFO] bit_common: [step 33]: loss=4.02244 (lr=2.0e-04) zero_ratio1: 48.01432% zero_ratio2: 47.77462% zero_ratio3: 46.01562% zero_ratio4: 42.14764%
2024-07-21 17:35:56,167 [INFO] bit_common: [step 34]: loss=3.97029 (lr=2.0e-04) zero_ratio1: 48.01432% zero_ratio2: 47.12358% zero_ratio3: 45.53125% zero_ratio4: 41.90450%
2024-07-21 17:35:57,615 [INFO] bit_common: [step 35]: loss=3.92284 (lr=2.1e-04) zero_ratio1: 48.37240% zero_ratio2: 47.97585% zero_ratio3: 46.50391% zero_ratio4: 41.99219%
2024-07-21 17:35:59,060 [INFO] bit_common: [step 36]: loss=3.88025 (lr=2.2e-04) zero_ratio1: 49.08854% zero_ratio2: 48.34280% zero_ratio3: 46.75000% zero_ratio4: 42.31904%
2024-07-21 17:36:00,504 [INFO] bit_common: [step 37]: loss=3.85353 (lr=2.2e-04) zero_ratio1: 48.53516% zero_ratio2: 48.57955% zero_ratio3: 46.90234% zero_ratio4: 41.82478%
2024-07-21 17:36:01,954 [INFO] bit_common: [step 38]: loss=3.84985 (lr=2.3e-04) zero_ratio1: 47.42839% zero_ratio2: 46.59091% zero_ratio3: 44.64844% zero_ratio4: 41.13920%
2024-07-21 17:36:03,410 [INFO] bit_common: [step 39]: loss=3.76726 (lr=2.3e-04) zero_ratio1: 48.40495% zero_ratio2: 48.01136% zero_ratio3: 46.54688% zero_ratio4: 41.22290%
2024-07-21 17:36:04,872 [INFO] bit_common: [step 40]: loss=3.69827 (lr=2.4e-04) zero_ratio1: 48.37240% zero_ratio2: 48.81629% zero_ratio3: 46.76953% zero_ratio4: 41.46205%
2024-07-21 17:36:06,338 [INFO] bit_common: [step 41]: loss=3.66950 (lr=2.5e-04) zero_ratio1: 48.79557% zero_ratio2: 48.16525% zero_ratio3: 46.80078% zero_ratio4: 41.09136%
2024-07-21 17:36:07,787 [INFO] bit_common: [step 42]: loss=4.26920 (lr=2.5e-04) zero_ratio1: 47.29818% zero_ratio2: 46.03456% zero_ratio3: 43.99609% zero_ratio4: 40.26626%
2024-07-21 17:36:09,232 [INFO] bit_common: [step 43]: loss=4.11368 (lr=2.6e-04) zero_ratio1: 47.07031% zero_ratio2: 46.27131% zero_ratio3: 44.27734% zero_ratio4: 39.77997%
2024-07-21 17:36:10,679 [INFO] bit_common: [step 44]: loss=4.01126 (lr=2.6e-04) zero_ratio1: 47.23307% zero_ratio2: 46.31866% zero_ratio3: 44.97266% zero_ratio4: 40.41374%
2024-07-21 17:36:12,122 [INFO] bit_common: [step 45]: loss=3.89429 (lr=2.7e-04) zero_ratio1: 47.81901% zero_ratio2: 46.92235% zero_ratio3: 46.02734% zero_ratio4: 40.70472%
2024-07-21 17:36:13,564 [INFO] bit_common: [step 46]: loss=3.46037 (lr=2.8e-04) zero_ratio1: 48.76302% zero_ratio2: 48.21259% zero_ratio3: 46.98438% zero_ratio4: 40.41374%
2024-07-21 17:36:15,008 [INFO] bit_common: [step 47]: loss=3.42199 (lr=2.8e-04) zero_ratio1: 48.95833% zero_ratio2: 48.40199% zero_ratio3: 46.87891% zero_ratio4: 40.35395%
2024-07-21 17:36:16,451 [INFO] bit_common: [step 48]: loss=3.54480 (lr=2.9e-04) zero_ratio1: 48.69792% zero_ratio2: 47.98769% zero_ratio3: 46.25391% zero_ratio4: 39.85969%
2024-07-21 17:36:17,937 [INFO] bit_common: [step 49]: loss=3.27598 (lr=2.9e-04) zero_ratio1: 49.15365% zero_ratio2: 48.48485% zero_ratio3: 46.67188% zero_ratio4: 40.03906%
2024-07-21 17:36:19,380 [INFO] bit_common: [step 50]: loss=3.23180 (lr=3.0e-04) zero_ratio1: 48.63281% zero_ratio2: 47.77462% zero_ratio3: 46.09766% zero_ratio4: 40.11480%
2024-07-21 17:36:20,822 [INFO] bit_common: [step 51]: loss=3.17795 (lr=3.1e-04) zero_ratio1: 48.50260% zero_ratio2: 47.21828% zero_ratio3: 46.02344% zero_ratio4: 39.99522%
2024-07-21 17:36:22,269 [INFO] bit_common: [step 52]: loss=3.09369 (lr=3.1e-04) zero_ratio1: 48.76302% zero_ratio2: 48.65057% zero_ratio3: 46.45703% zero_ratio4: 40.58514%
2024-07-21 17:36:23,711 [INFO] bit_common: [step 53]: loss=3.07059 (lr=3.2e-04) zero_ratio1: 47.68880% zero_ratio2: 48.30729% zero_ratio3: 46.44533% zero_ratio4: 40.06298%
2024-07-21 17:36:25,156 [INFO] bit_common: [step 54]: loss=3.52031 (lr=3.2e-04) zero_ratio1: 47.46094% zero_ratio2: 47.38400% zero_ratio3: 44.84375% zero_ratio4: 39.15019%
2024-07-21 17:36:26,600 [INFO] bit_common: [step 55]: loss=2.89136 (lr=3.3e-04) zero_ratio1: 48.53516% zero_ratio2: 48.42566% zero_ratio3: 46.19922% zero_ratio4: 40.21046%
2024-07-21 17:36:28,043 [INFO] bit_common: [step 56]: loss=2.85265 (lr=3.4e-04) zero_ratio1: 48.33984% zero_ratio2: 48.52036% zero_ratio3: 46.19923% zero_ratio4: 39.56075%
2024-07-21 17:36:29,484 [INFO] bit_common: [step 57]: loss=2.85432 (lr=3.4e-04) zero_ratio1: 48.04688% zero_ratio2: 48.52036% zero_ratio3: 46.06250% zero_ratio4: 40.23836%
2024-07-21 17:36:30,927 [INFO] bit_common: [step 58]: loss=2.81831 (lr=3.5e-04) zero_ratio1: 47.98177% zero_ratio2: 47.69176% zero_ratio3: 45.84375% zero_ratio4: 39.26180%
2024-07-21 17:36:32,369 [INFO] bit_common: [step 59]: loss=2.70019 (lr=3.5e-04) zero_ratio1: 48.56771% zero_ratio2: 48.50852% zero_ratio3: 46.29688% zero_ratio4: 40.03109%
2024-07-21 17:36:33,813 [INFO] bit_common: [step 60]: loss=2.94353 (lr=3.6e-04) zero_ratio1: 46.61458% zero_ratio2: 45.41903% zero_ratio3: 43.51953% zero_ratio4: 37.79496%
2024-07-21 17:36:35,254 [INFO] bit_common: [step 61]: loss=3.92049 (lr=3.7e-04) zero_ratio1: 46.90755% zero_ratio2: 45.86884% zero_ratio3: 43.59375% zero_ratio4: 38.61607%
2024-07-21 17:36:36,693 [INFO] bit_common: [step 62]: loss=2.58743 (lr=3.7e-04) zero_ratio1: 47.94922% zero_ratio2: 48.20076% zero_ratio3: 46.20312% zero_ratio4: 39.30166%
2024-07-21 17:36:38,139 [INFO] bit_common: [step 63]: loss=2.59730 (lr=3.8e-04) zero_ratio1: 47.72135% zero_ratio2: 46.74479% zero_ratio3: 44.99219% zero_ratio4: 38.23740%
2024-07-21 17:36:39,585 [INFO] bit_common: [step 64]: loss=2.49515 (lr=3.8e-04) zero_ratio1: 48.99089% zero_ratio2: 48.15341% zero_ratio3: 45.95312% zero_ratio4: 39.40529%
2024-07-21 17:36:41,029 [INFO] bit_common: [step 65]: loss=2.48238 (lr=3.9e-04) zero_ratio1: 48.11198% zero_ratio2: 47.82197% zero_ratio3: 46.01172% zero_ratio4: 39.59662%
2024-07-21 17:36:42,475 [INFO] bit_common: [step 66]: loss=2.38119 (lr=4.0e-04) zero_ratio1: 47.33073% zero_ratio2: 45.77415% zero_ratio3: 43.49219% zero_ratio4: 36.97386%
2024-07-21 17:36:43,918 [INFO] bit_common: [step 67]: loss=2.29156 (lr=4.0e-04) zero_ratio1: 47.81901% zero_ratio2: 46.25947% zero_ratio3: 44.93359% zero_ratio4: 38.21349%
2024-07-21 17:36:45,360 [INFO] bit_common: [step 68]: loss=2.29749 (lr=4.1e-04) zero_ratio1: 47.03776% zero_ratio2: 46.08191% zero_ratio3: 44.13281% zero_ratio4: 38.14971%
2024-07-21 17:36:46,799 [INFO] bit_common: [step 69]: loss=2.69102 (lr=4.1e-04) zero_ratio1: 48.50260% zero_ratio2: 47.05256% zero_ratio3: 46.00781% zero_ratio4: 39.17809%
2024-07-21 17:36:48,237 [INFO] bit_common: [step 70]: loss=2.55296 (lr=4.2e-04) zero_ratio1: 48.37240% zero_ratio2: 47.44318% zero_ratio3: 46.12109% zero_ratio4: 38.60013%
2024-07-21 17:36:49,676 [INFO] bit_common: [step 71]: loss=2.13324 (lr=4.3e-04) zero_ratio1: 48.30729% zero_ratio2: 47.05256% zero_ratio3: 44.87500% zero_ratio4: 37.84678%
2024-07-21 17:36:51,112 [INFO] bit_common: [step 72]: loss=2.07592 (lr=4.3e-04) zero_ratio1: 48.50260% zero_ratio2: 48.27178% zero_ratio3: 46.23438% zero_ratio4: 38.95488%
2024-07-21 17:36:52,550 [INFO] bit_common: [step 73]: loss=2.14839 (lr=4.4e-04) zero_ratio1: 49.21875% zero_ratio2: 47.85748% zero_ratio3: 46.02344% zero_ratio4: 38.77552%
2024-07-21 17:36:53,990 [INFO] bit_common: [step 74]: loss=2.02863 (lr=4.4e-04) zero_ratio1: 47.98177% zero_ratio2: 47.49053% zero_ratio3: 46.32422% zero_ratio4: 38.69180%
2024-07-21 17:36:55,430 [INFO] bit_common: [step 75]: loss=1.97900 (lr=4.5e-04) zero_ratio1: 48.07943% zero_ratio2: 47.65625% zero_ratio3: 45.83594% zero_ratio4: 39.34552%
2024-07-21 17:36:56,872 [INFO] bit_common: [step 76]: loss=1.95912 (lr=4.6e-04) zero_ratio1: 48.17708% zero_ratio2: 47.73911% zero_ratio3: 45.44922% zero_ratio4: 38.86719%
2024-07-21 17:36:58,310 [INFO] bit_common: [step 77]: loss=2.46722 (lr=4.6e-04) zero_ratio1: 48.37240% zero_ratio2: 47.17093% zero_ratio3: 45.65234% zero_ratio4: 38.79943%
2024-07-21 17:36:59,750 [INFO] bit_common: [step 78]: loss=1.96345 (lr=4.7e-04) zero_ratio1: 47.94922% zero_ratio2: 47.32481% zero_ratio3: 45.73828% zero_ratio4: 38.38091%
2024-07-21 17:37:01,190 [INFO] bit_common: [step 79]: loss=1.87480 (lr=4.7e-04) zero_ratio1: 48.04688% zero_ratio2: 46.73295% zero_ratio3: 45.32812% zero_ratio4: 38.65195%
2024-07-21 17:37:02,628 [INFO] bit_common: [step 80]: loss=1.85310 (lr=4.8e-04) zero_ratio1: 48.11198% zero_ratio2: 47.84564% zero_ratio3: 45.99609% zero_ratio4: 38.81140%
2024-07-21 17:37:04,069 [INFO] bit_common: [step 81]: loss=1.75533 (lr=4.9e-04) zero_ratio1: 48.27474% zero_ratio2: 47.25379% zero_ratio3: 45.76953% zero_ratio4: 38.26132%
2024-07-21 17:37:05,509 [INFO] bit_common: [step 82]: loss=3.48112 (lr=4.9e-04) zero_ratio1: 46.77734% zero_ratio2: 45.79782% zero_ratio3: 43.66017% zero_ratio4: 37.23693%
2024-07-21 17:37:06,944 [INFO] bit_common: [step 83]: loss=1.79268 (lr=5.0e-04) zero_ratio1: 48.43750% zero_ratio2: 47.08807% zero_ratio3: 45.50391% zero_ratio4: 38.94691%
2024-07-21 17:37:08,381 [INFO] bit_common: [step 84]: loss=1.77829 (lr=5.0e-04) zero_ratio1: 48.17708% zero_ratio2: 47.52604% zero_ratio3: 45.69141% zero_ratio4: 38.15768%
2024-07-21 17:37:09,819 [INFO] bit_common: [step 85]: loss=1.67123 (lr=5.1e-04) zero_ratio1: 48.27474% zero_ratio2: 47.38400% zero_ratio3: 46.31250% zero_ratio4: 38.80341%
2024-07-21 17:37:11,261 [INFO] bit_common: [step 86]: loss=2.04750 (lr=5.2e-04) zero_ratio1: 48.76302% zero_ratio2: 47.43134% zero_ratio3: 46.00000% zero_ratio4: 38.60810%
2024-07-21 17:37:12,705 [INFO] bit_common: [step 87]: loss=3.59849 (lr=5.2e-04) zero_ratio1: 46.64714% zero_ratio2: 45.58475% zero_ratio3: 43.32033% zero_ratio4: 36.40386%
2024-07-21 17:37:14,145 [INFO] bit_common: [step 88]: loss=1.71834 (lr=5.3e-04) zero_ratio1: 48.33984% zero_ratio2: 47.05256% zero_ratio3: 45.84375% zero_ratio4: 38.55230%
2024-07-21 17:37:15,584 [INFO] bit_common: [step 89]: loss=1.55467 (lr=5.3e-04) zero_ratio1: 48.50260% zero_ratio2: 47.45502% zero_ratio3: 45.83203% zero_ratio4: 38.90306%
2024-07-21 17:37:17,023 [INFO] bit_common: [step 90]: loss=1.59684 (lr=5.4e-04) zero_ratio1: 48.11198% zero_ratio2: 46.51989% zero_ratio3: 45.55469% zero_ratio4: 38.30517%
2024-07-21 17:37:18,462 [INFO] bit_common: [step 91]: loss=1.54569 (lr=5.5e-04) zero_ratio1: 48.47005% zero_ratio2: 47.86932% zero_ratio3: 46.10156% zero_ratio4: 39.89955%
2024-07-21 17:37:19,900 [INFO] bit_common: [step 92]: loss=1.53422 (lr=5.5e-04) zero_ratio1: 47.94922% zero_ratio2: 47.25379% zero_ratio3: 45.68359% zero_ratio4: 38.64397%
2024-07-21 17:37:21,337 [INFO] bit_common: [step 93]: loss=1.99064 (lr=5.6e-04) zero_ratio1: 46.54948% zero_ratio2: 45.19413% zero_ratio3: 43.02344% zero_ratio4: 36.41183%
2024-07-21 17:37:22,774 [INFO] bit_common: [step 94]: loss=3.49785 (lr=5.6e-04) zero_ratio1: 46.54948% zero_ratio2: 45.57292% zero_ratio3: 43.06641% zero_ratio4: 36.82637%
2024-07-21 17:37:24,210 [INFO] bit_common: [step 95]: loss=1.46870 (lr=5.7e-04) zero_ratio1: 48.27474% zero_ratio2: 46.41335% zero_ratio3: 44.76953% zero_ratio4: 37.85475%
2024-07-21 17:37:25,647 [INFO] bit_common: [step 96]: loss=2.44483 (lr=5.8e-04) zero_ratio1: 47.94922% zero_ratio2: 46.65009% zero_ratio3: 45.08203% zero_ratio4: 37.90657%
2024-07-21 17:37:30,603 [INFO] bit_common: [step 97]: loss=2.51356 (lr=5.8e-04) zero_ratio1: 47.68880% zero_ratio2: 46.76847% zero_ratio3: 43.98438% zero_ratio4: 35.12835%
2024-07-21 17:38:32,396 [INFO] bit_common: [step 98]: loss=1.77456 (lr=5.9e-04) zero_ratio1: 48.01432% zero_ratio2: 46.28314% zero_ratio3: 45.01564% zero_ratio4: 37.43622%
2024-07-21 17:38:33,831 [INFO] bit_common: [step 99]: loss=1.36452 (lr=5.9e-04) zero_ratio1: 48.37240% zero_ratio2: 47.32481% zero_ratio3: 46.20703% zero_ratio4: 38.66789%
2024-07-21 17:38:35,267 [INFO] bit_common: [step 100]: loss=1.39357 (lr=6.0e-04) zero_ratio1: 48.43750% zero_ratio2: 47.05256% zero_ratio3: 46.25391% zero_ratio4: 39.17809%
2024-07-21 17:38:36,719 [INFO] bit_common: [step 101]: loss=3.60645 (lr=6.1e-04) zero_ratio1: 46.19141% zero_ratio2: 45.57292% zero_ratio3: 43.30078% zero_ratio4: 35.70233%
2024-07-21 17:38:38,155 [INFO] bit_common: [step 102]: loss=1.35952 (lr=6.1e-04) zero_ratio1: 47.33073% zero_ratio2: 47.23011% zero_ratio3: 45.85938% zero_ratio4: 39.14621%
2024-07-21 17:38:39,592 [INFO] bit_common: [step 103]: loss=1.22294 (lr=6.2e-04) zero_ratio1: 47.10286% zero_ratio2: 45.54924% zero_ratio3: 43.28516% zero_ratio4: 36.45568%
2024-07-21 17:38:41,029 [INFO] bit_common: [step 104]: loss=1.41890 (lr=6.2e-04) zero_ratio1: 48.33984% zero_ratio2: 47.77462% zero_ratio3: 45.94922% zero_ratio4: 39.42522%
2024-07-21 17:38:42,466 [INFO] bit_common: [step 105]: loss=1.28627 (lr=6.3e-04) zero_ratio1: 48.60026% zero_ratio2: 47.77462% zero_ratio3: 46.18750% zero_ratio4: 39.17411%
2024-07-21 17:38:43,905 [INFO] bit_common: [step 106]: loss=1.38694 (lr=6.4e-04) zero_ratio1: 47.13542% zero_ratio2: 45.52557% zero_ratio3: 43.82031% zero_ratio4: 35.90163%
2024-07-21 17:38:45,342 [INFO] bit_common: [step 107]: loss=1.83885 (lr=6.4e-04) zero_ratio1: 48.43750% zero_ratio2: 47.41951% zero_ratio3: 45.89453% zero_ratio4: 38.78747%
2024-07-21 17:38:46,791 [INFO] bit_common: [step 108]: loss=3.46768 (lr=6.5e-04) zero_ratio1: 46.19141% zero_ratio2: 45.35985% zero_ratio3: 42.98830% zero_ratio4: 36.13281%
2024-07-21 17:38:48,231 [INFO] bit_common: [step 109]: loss=1.25029 (lr=6.5e-04) zero_ratio1: 48.43750% zero_ratio2: 46.53172% zero_ratio3: 45.63281% zero_ratio4: 38.48055%
2024-07-21 17:38:49,669 [INFO] bit_common: [step 110]: loss=1.27745 (lr=6.6e-04) zero_ratio1: 45.96354% zero_ratio2: 46.17661% zero_ratio3: 42.46875% zero_ratio4: 35.84981%
2024-07-21 17:38:51,111 [INFO] bit_common: [step 111]: loss=1.71961 (lr=6.7e-04) zero_ratio1: 48.50260% zero_ratio2: 47.06439% zero_ratio3: 45.72266% zero_ratio4: 39.57669%
2024-07-21 17:38:52,551 [INFO] bit_common: [step 112]: loss=1.16469 (lr=6.7e-04) zero_ratio1: 48.63281% zero_ratio2: 47.26562% zero_ratio3: 46.16016% zero_ratio4: 39.48103%
2024-07-21 17:38:53,988 [INFO] bit_common: [step 113]: loss=1.23267 (lr=6.8e-04) zero_ratio1: 48.43750% zero_ratio2: 47.37216% zero_ratio3: 46.31641% zero_ratio4: 39.50893%
2024-07-21 17:38:55,427 [INFO] bit_common: [step 114]: loss=1.13862 (lr=6.8e-04) zero_ratio1: 48.56771% zero_ratio2: 47.41951% zero_ratio3: 46.23828% zero_ratio4: 39.35746%
2024-07-21 17:38:56,863 [INFO] bit_common: [step 115]: loss=1.30865 (lr=6.9e-04) zero_ratio1: 47.94922% zero_ratio2: 46.78030% zero_ratio3: 44.94531% zero_ratio4: 38.26132%
2024-07-21 17:38:58,301 [INFO] bit_common: [step 116]: loss=1.18756 (lr=7.0e-04) zero_ratio1: 48.27474% zero_ratio2: 47.04072% zero_ratio3: 46.02734% zero_ratio4: 40.31409%
2024-07-21 17:38:59,741 [INFO] bit_common: [step 117]: loss=1.22087 (lr=7.0e-04) zero_ratio1: 48.60026% zero_ratio2: 47.56155% zero_ratio3: 45.99219% zero_ratio4: 39.55676%
2024-07-21 17:39:01,193 [INFO] bit_common: [step 118]: loss=1.28066 (lr=7.1e-04) zero_ratio1: 48.82812% zero_ratio2: 47.63258% zero_ratio3: 45.98047% zero_ratio4: 39.92348%
2024-07-21 17:39:02,638 [INFO] bit_common: [step 119]: loss=1.13489 (lr=7.1e-04) zero_ratio1: 48.50260% zero_ratio2: 47.04072% zero_ratio3: 46.26953% zero_ratio4: 40.23438%
2024-07-21 17:39:04,083 [INFO] bit_common: [step 120]: loss=1.82357 (lr=7.2e-04) zero_ratio1: 47.81901% zero_ratio2: 46.92235% zero_ratio3: 45.73828% zero_ratio4: 38.81538%
2024-07-21 17:39:05,538 [INFO] bit_common: [step 121]: loss=1.16427 (lr=7.3e-04) zero_ratio1: 45.67057% zero_ratio2: 44.62595% zero_ratio3: 42.67969% zero_ratio4: 35.83785%
2024-07-21 17:39:06,986 [INFO] bit_common: [step 122]: loss=1.03024 (lr=7.3e-04) zero_ratio1: 48.27474% zero_ratio2: 47.28930% zero_ratio3: 46.30859% zero_ratio4: 40.60108%
2024-07-21 17:39:08,438 [INFO] bit_common: [step 123]: loss=1.03544 (lr=7.4e-04) zero_ratio1: 48.04688% zero_ratio2: 47.71544% zero_ratio3: 46.28127% zero_ratio4: 40.24235%
2024-07-21 17:39:09,890 [INFO] bit_common: [step 124]: loss=3.73889 (lr=7.4e-04) zero_ratio1: 45.57292% zero_ratio2: 45.32434% zero_ratio3: 42.48828% zero_ratio4: 35.10842%
2024-07-21 17:39:11,340 [INFO] bit_common: [step 125]: loss=1.48843 (lr=7.5e-04) zero_ratio1: 48.43750% zero_ratio2: 47.49053% zero_ratio3: 46.03516% zero_ratio4: 39.91151%
2024-07-21 17:39:12,789 [INFO] bit_common: [step 126]: loss=3.74094 (lr=7.6e-04) zero_ratio1: 46.32161% zero_ratio2: 44.95739% zero_ratio3: 42.28125% zero_ratio4: 35.35555%
2024-07-21 17:39:14,237 [INFO] bit_common: [step 127]: loss=1.08374 (lr=7.6e-04) zero_ratio1: 48.01432% zero_ratio2: 45.96354% zero_ratio3: 44.07031% zero_ratio4: 38.36496%
2024-07-21 17:39:15,694 [INFO] bit_common: [step 128]: loss=1.71187 (lr=7.7e-04) zero_ratio1: 47.29818% zero_ratio2: 45.72680% zero_ratio3: 43.67969% zero_ratio4: 36.77854%
2024-07-21 17:39:17,149 [INFO] bit_common: [step 129]: loss=1.06645 (lr=7.7e-04) zero_ratio1: 48.47005% zero_ratio2: 47.07623% zero_ratio3: 46.14844% zero_ratio4: 40.82031%
2024-07-21 17:39:18,607 [INFO] bit_common: [step 130]: loss=3.17302 (lr=7.8e-04) zero_ratio1: 46.58203% zero_ratio2: 45.46638% zero_ratio3: 42.98047% zero_ratio4: 36.73469%
2024-07-21 17:39:20,059 [INFO] bit_common: [step 131]: loss=1.02169 (lr=7.9e-04) zero_ratio1: 47.94922% zero_ratio2: 47.78646% zero_ratio3: 45.87891% zero_ratio4: 40.31012%
2024-07-21 17:39:21,503 [INFO] bit_common: [step 132]: loss=1.15733 (lr=7.9e-04) zero_ratio1: 47.65625% zero_ratio2: 47.94034% zero_ratio3: 45.77345% zero_ratio4: 40.92395%
2024-07-21 17:39:22,948 [INFO] bit_common: [step 133]: loss=2.43487 (lr=8.0e-04) zero_ratio1: 48.30729% zero_ratio2: 46.68561% zero_ratio3: 44.39455% zero_ratio4: 38.20950%
2024-07-21 17:39:24,395 [INFO] bit_common: [step 134]: loss=0.97935 (lr=8.0e-04) zero_ratio1: 47.91667% zero_ratio2: 47.58523% zero_ratio3: 45.95312% zero_ratio4: 40.28619%
2024-07-21 17:39:25,843 [INFO] bit_common: [step 135]: loss=1.09846 (lr=8.1e-04) zero_ratio1: 48.27474% zero_ratio2: 46.93419% zero_ratio3: 45.49219% zero_ratio4: 38.98677%
2024-07-21 17:39:27,286 [INFO] bit_common: [step 136]: loss=1.12523 (lr=8.2e-04) zero_ratio1: 48.89323% zero_ratio2: 47.58523% zero_ratio3: 46.19922% zero_ratio4: 40.60108%
2024-07-21 17:39:28,733 [INFO] bit_common: [step 137]: loss=1.04459 (lr=8.2e-04) zero_ratio1: 46.12630% zero_ratio2: 44.89820% zero_ratio3: 42.16406% zero_ratio4: 36.59120%
2024-07-21 17:39:30,181 [INFO] bit_common: [step 138]: loss=0.99711 (lr=8.3e-04) zero_ratio1: 48.24219% zero_ratio2: 47.89299% zero_ratio3: 45.86328% zero_ratio4: 40.73262%
2024-07-21 17:39:31,624 [INFO] bit_common: [step 139]: loss=1.04571 (lr=8.3e-04) zero_ratio1: 48.56771% zero_ratio2: 47.06439% zero_ratio3: 45.35547% zero_ratio4: 38.86719%
2024-07-21 17:39:33,068 [INFO] bit_common: [step 140]: loss=1.17482 (lr=8.4e-04) zero_ratio1: 48.79557% zero_ratio2: 47.86932% zero_ratio3: 45.53906% zero_ratio4: 40.86814%
2024-07-21 17:39:34,511 [INFO] bit_common: [step 141]: loss=1.06514 (lr=8.5e-04) zero_ratio1: 48.40495% zero_ratio2: 47.58523% zero_ratio3: 45.75391% zero_ratio4: 40.31011%
2024-07-21 17:39:35,958 [INFO] bit_common: [step 142]: loss=1.05117 (lr=8.5e-04) zero_ratio1: 46.94010% zero_ratio2: 45.33617% zero_ratio3: 43.10938% zero_ratio4: 36.65497%
2024-07-21 17:39:37,403 [INFO] bit_common: [step 143]: loss=1.04704 (lr=8.6e-04) zero_ratio1: 48.30729% zero_ratio2: 47.62074% zero_ratio3: 45.88281% zero_ratio4: 40.83626%
2024-07-21 17:39:38,848 [INFO] bit_common: [step 144]: loss=1.14168 (lr=8.6e-04) zero_ratio1: 48.47005% zero_ratio2: 47.41951% zero_ratio3: 45.78516% zero_ratio4: 40.12277%
2024-07-21 17:39:40,296 [INFO] bit_common: [step 145]: loss=1.06993 (lr=8.7e-04) zero_ratio1: 48.56771% zero_ratio2: 47.34848% zero_ratio3: 46.07422% zero_ratio4: 40.56122%
2024-07-21 17:39:41,746 [INFO] bit_common: [step 146]: loss=1.05672 (lr=8.8e-04) zero_ratio1: 47.46094% zero_ratio2: 47.60890% zero_ratio3: 45.81641% zero_ratio4: 39.62452%
2024-07-21 17:39:43,238 [INFO] bit_common: [step 147]: loss=0.89132 (lr=8.8e-04) zero_ratio1: 48.07943% zero_ratio2: 47.59706% zero_ratio3: 45.51562% zero_ratio4: 40.15466%
2024-07-21 17:39:44,681 [INFO] bit_common: [step 148]: loss=1.05975 (lr=8.9e-04) zero_ratio1: 48.33984% zero_ratio2: 47.65625% zero_ratio3: 46.15234% zero_ratio4: 40.93192%
2024-07-21 17:39:46,127 [INFO] bit_common: [step 149]: loss=1.06059 (lr=8.9e-04) zero_ratio1: 47.68880% zero_ratio2: 46.94602% zero_ratio3: 45.83984% zero_ratio4: 39.44515%
2024-07-21 17:39:47,578 [INFO] bit_common: [step 150]: loss=0.97600 (lr=9.0e-04) zero_ratio1: 47.20052% zero_ratio2: 46.38968% zero_ratio3: 43.54297% zero_ratio4: 37.81489%
2024-07-21 17:39:49,022 [INFO] bit_common: [step 151]: loss=1.04852 (lr=9.1e-04) zero_ratio1: 48.50260% zero_ratio2: 47.96402% zero_ratio3: 45.89453% zero_ratio4: 40.19054%
2024-07-21 17:39:50,467 [INFO] bit_common: [step 152]: loss=0.93042 (lr=9.1e-04) zero_ratio1: 48.14453% zero_ratio2: 47.64441% zero_ratio3: 45.17969% zero_ratio4: 39.95536%
2024-07-21 17:39:51,912 [INFO] bit_common: [step 153]: loss=1.05329 (lr=9.2e-04) zero_ratio1: 48.95833% zero_ratio2: 47.70360% zero_ratio3: 46.23438% zero_ratio4: 40.40179%
2024-07-21 17:39:53,356 [INFO] bit_common: [step 154]: loss=1.08400 (lr=9.2e-04) zero_ratio1: 48.76302% zero_ratio2: 47.49053% zero_ratio3: 45.99609% zero_ratio4: 40.86018%
2024-07-21 17:39:54,802 [INFO] bit_common: [step 155]: loss=0.96781 (lr=9.3e-04) zero_ratio1: 49.12109% zero_ratio2: 47.97585% zero_ratio3: 46.15625% zero_ratio4: 41.16709%
2024-07-21 17:39:56,246 [INFO] bit_common: [step 156]: loss=0.94052 (lr=9.4e-04) zero_ratio1: 48.24219% zero_ratio2: 47.33665% zero_ratio3: 45.80078% zero_ratio4: 41.15912%
2024-07-21 17:39:57,691 [INFO] bit_common: [step 157]: loss=0.91078 (lr=9.4e-04) zero_ratio1: 46.94010% zero_ratio2: 44.86269% zero_ratio3: 42.82031% zero_ratio4: 37.07749%
2024-07-21 17:39:59,137 [INFO] bit_common: [step 158]: loss=0.97716 (lr=9.5e-04) zero_ratio1: 48.76302% zero_ratio2: 47.97585% zero_ratio3: 46.11328% zero_ratio4: 40.76849%
2024-07-21 17:40:00,582 [INFO] bit_common: [step 159]: loss=0.98934 (lr=9.5e-04) zero_ratio1: 48.20964% zero_ratio2: 47.40767% zero_ratio3: 46.04297% zero_ratio4: 40.96779%
2024-07-21 17:40:02,028 [INFO] bit_common: [step 160]: loss=1.13340 (lr=9.6e-04) zero_ratio1: 49.02344% zero_ratio2: 47.90483% zero_ratio3: 45.50000% zero_ratio4: 40.96381%
2024-07-21 17:40:03,475 [INFO] bit_common: [step 161]: loss=1.86688 (lr=9.7e-04) zero_ratio1: 48.11198% zero_ratio2: 46.66193% zero_ratio3: 44.85547% zero_ratio4: 39.06649%
2024-07-21 17:40:04,919 [INFO] bit_common: [step 162]: loss=0.86431 (lr=9.7e-04) zero_ratio1: 48.11198% zero_ratio2: 47.66809% zero_ratio3: 45.91406% zero_ratio4: 41.04751%
2024-07-21 17:40:06,363 [INFO] bit_common: [step 163]: loss=3.05316 (lr=9.8e-04) zero_ratio1: 46.87500% zero_ratio2: 45.24148% zero_ratio3: 43.03516% zero_ratio4: 37.25686%
2024-07-21 17:40:07,810 [INFO] bit_common: [step 164]: loss=0.91263 (lr=9.8e-04) zero_ratio1: 48.56771% zero_ratio2: 47.43134% zero_ratio3: 45.30078% zero_ratio4: 39.64844%
2024-07-21 17:40:09,251 [INFO] bit_common: [step 165]: loss=0.97201 (lr=9.9e-04) zero_ratio1: 48.82812% zero_ratio2: 47.33665% zero_ratio3: 45.82422% zero_ratio4: 40.99969%
2024-07-21 17:40:10,693 [INFO] bit_common: [step 166]: loss=1.24431 (lr=1.0e-03) zero_ratio1: 48.04688% zero_ratio2: 47.54972% zero_ratio3: 46.09766% zero_ratio4: 40.94388%
2024-07-21 17:40:12,135 [INFO] bit_common: [step 167]: loss=3.78294 (lr=1.0e-03) zero_ratio1: 45.41016% zero_ratio2: 44.18797% zero_ratio3: 41.84766% zero_ratio4: 35.36751%
2024-07-21 17:40:13,577 [INFO] bit_common: [step 168]: loss=0.89373 (lr=1.0e-03) zero_ratio1: 48.63281% zero_ratio2: 47.17093% zero_ratio3: 45.86719% zero_ratio4: 40.56920%
2024-07-21 17:40:15,023 [INFO] bit_common: [step 169]: loss=0.93496 (lr=1.0e-03) zero_ratio1: 48.66536% zero_ratio2: 47.60890% zero_ratio3: 45.96875% zero_ratio4: 40.78446%
2024-07-21 17:40:16,468 [INFO] bit_common: [step 170]: loss=0.83963 (lr=1.0e-03) zero_ratio1: 48.04688% zero_ratio2: 47.52604% zero_ratio3: 45.92188% zero_ratio4: 40.85221%
2024-07-21 17:40:17,910 [INFO] bit_common: [step 171]: loss=2.94227 (lr=1.0e-03) zero_ratio1: 45.54036% zero_ratio2: 44.30634% zero_ratio3: 41.72656% zero_ratio4: 34.90912%
2024-07-21 17:40:19,355 [INFO] bit_common: [step 172]: loss=0.92387 (lr=1.0e-03) zero_ratio1: 44.49870% zero_ratio2: 44.51941% zero_ratio3: 42.04298% zero_ratio4: 36.46365%
2024-07-21 17:40:20,801 [INFO] bit_common: [step 173]: loss=1.88758 (lr=1.0e-03) zero_ratio1: 48.37240% zero_ratio2: 46.53172% zero_ratio3: 43.90625% zero_ratio4: 39.52089%
2024-07-21 17:40:22,247 [INFO] bit_common: [step 174]: loss=0.87447 (lr=1.0e-03) zero_ratio1: 48.27474% zero_ratio2: 47.26562% zero_ratio3: 45.78516% zero_ratio4: 41.71317%
2024-07-21 17:40:23,690 [INFO] bit_common: [step 175]: loss=1.45400 (lr=1.1e-03) zero_ratio1: 48.11198% zero_ratio2: 47.36032% zero_ratio3: 45.35938% zero_ratio4: 39.87564%
2024-07-21 17:40:25,134 [INFO] bit_common: [step 176]: loss=0.91293 (lr=1.1e-03) zero_ratio1: 48.20964% zero_ratio2: 46.78030% zero_ratio3: 45.73828% zero_ratio4: 40.35794%
2024-07-21 17:40:26,579 [INFO] bit_common: [step 177]: loss=0.80304 (lr=1.1e-03) zero_ratio1: 48.24219% zero_ratio2: 46.78030% zero_ratio3: 43.92969% zero_ratio4: 38.41279%
2024-07-21 17:40:28,023 [INFO] bit_common: [step 178]: loss=3.55087 (lr=1.1e-03) zero_ratio1: 44.88932% zero_ratio2: 44.04593% zero_ratio3: 41.46875% zero_ratio4: 36.22449%
2024-07-21 17:40:29,465 [INFO] bit_common: [step 179]: loss=0.89604 (lr=1.1e-03) zero_ratio1: 45.01953% zero_ratio2: 44.30634% zero_ratio3: 41.51562% zero_ratio4: 35.56282%
2024-07-21 17:40:30,907 [INFO] bit_common: [step 180]: loss=0.79711 (lr=1.1e-03) zero_ratio1: 47.10286% zero_ratio2: 46.83949% zero_ratio3: 45.92578% zero_ratio4: 41.38233%
2024-07-21 17:40:32,350 [INFO] bit_common: [step 181]: loss=0.89769 (lr=1.1e-03) zero_ratio1: 47.85156% zero_ratio2: 47.37216% zero_ratio3: 46.15625% zero_ratio4: 41.79688%
2024-07-21 17:40:33,793 [INFO] bit_common: [step 182]: loss=3.20050 (lr=1.1e-03) zero_ratio1: 45.54036% zero_ratio2: 44.28267% zero_ratio3: 42.44141% zero_ratio4: 37.31665%
2024-07-21 17:40:35,236 [INFO] bit_common: [step 183]: loss=0.87566 (lr=1.1e-03) zero_ratio1: 47.62370% zero_ratio2: 47.14725% zero_ratio3: 45.02734% zero_ratio4: 39.45711%
2024-07-21 17:40:36,682 [INFO] bit_common: [step 184]: loss=0.87746 (lr=1.1e-03) zero_ratio1: 48.47005% zero_ratio2: 47.14725% zero_ratio3: 45.74609% zero_ratio4: 40.73262%
2024-07-21 17:40:38,126 [INFO] bit_common: [step 185]: loss=1.02759 (lr=1.1e-03) zero_ratio1: 48.14453% zero_ratio2: 47.52604% zero_ratio3: 46.07422% zero_ratio4: 41.34646%
2024-07-21 17:40:39,568 [INFO] bit_common: [step 186]: loss=0.85534 (lr=1.1e-03) zero_ratio1: 48.50260% zero_ratio2: 47.53788% zero_ratio3: 46.19922% zero_ratio4: 41.35045%
2024-07-21 17:40:41,013 [INFO] bit_common: [step 187]: loss=0.94055 (lr=1.1e-03) zero_ratio1: 48.43750% zero_ratio2: 47.90483% zero_ratio3: 45.65234% zero_ratio4: 40.95185%
2024-07-21 17:40:42,457 [INFO] bit_common: [step 188]: loss=0.88223 (lr=1.1e-03) zero_ratio1: 48.89323% zero_ratio2: 46.60275% zero_ratio3: 44.41797% zero_ratio4: 39.41725%
2024-07-21 17:40:43,903 [INFO] bit_common: [step 189]: loss=0.81959 (lr=1.1e-03) zero_ratio1: 48.56771% zero_ratio2: 46.10559% zero_ratio3: 43.44141% zero_ratio4: 38.13776%
2024-07-21 17:40:45,347 [INFO] bit_common: [step 190]: loss=0.81871 (lr=1.1e-03) zero_ratio1: 48.07943% zero_ratio2: 46.14110% zero_ratio3: 43.23438% zero_ratio4: 38.27328%
2024-07-21 17:40:46,791 [INFO] bit_common: [step 191]: loss=0.80786 (lr=1.1e-03) zero_ratio1: 48.95833% zero_ratio2: 47.40767% zero_ratio3: 45.89844% zero_ratio4: 40.94786%
2024-07-21 17:40:48,238 [INFO] bit_common: [step 192]: loss=0.88713 (lr=1.2e-03) zero_ratio1: 48.17708% zero_ratio2: 46.80398% zero_ratio3: 44.10547% zero_ratio4: 39.12229%
2024-07-21 17:40:49,684 [INFO] bit_common: [step 193]: loss=0.73259 (lr=1.2e-03) zero_ratio1: 45.70312% zero_ratio2: 45.27699% zero_ratio3: 41.84375% zero_ratio4: 36.79847%
2024-07-21 17:40:51,130 [INFO] bit_common: [step 194]: loss=1.82819 (lr=1.2e-03) zero_ratio1: 47.85156% zero_ratio2: 46.93419% zero_ratio3: 44.09375% zero_ratio4: 38.52041%
2024-07-21 17:40:52,475 [INFO] bit_common: [step 195]: loss=0.80873 (lr=1.2e-03) zero_ratio1: 45.21484% zero_ratio2: 43.63163% zero_ratio3: 41.07422% zero_ratio4: 34.45871%
2024-07-21 17:41:53,153 [INFO] bit_common: [step 196]: loss=1.95713 (lr=1.2e-03) zero_ratio1: 48.07943% zero_ratio2: 46.59091% zero_ratio3: 44.23438% zero_ratio4: 39.03460%
2024-07-21 17:41:54,595 [INFO] bit_common: [step 197]: loss=0.87445 (lr=1.2e-03) zero_ratio1: 47.59115% zero_ratio2: 47.73911% zero_ratio3: 45.54688% zero_ratio4: 40.08689%
2024-07-21 17:41:56,034 [INFO] bit_common: [step 198]: loss=0.82934 (lr=1.2e-03) zero_ratio1: 47.55859% zero_ratio2: 45.93987% zero_ratio3: 42.97658% zero_ratio4: 37.92650%
2024-07-21 17:41:57,486 [INFO] bit_common: [step 199]: loss=0.81552 (lr=1.2e-03) zero_ratio1: 48.63281% zero_ratio2: 47.57339% zero_ratio3: 46.35938% zero_ratio4: 41.48597%
2024-07-21 17:41:58,941 [INFO] bit_common: [step 200]: loss=0.84600 (lr=1.2e-03) zero_ratio1: 47.49349% zero_ratio2: 46.24763% zero_ratio3: 43.55078% zero_ratio4: 39.05851%
2024-07-21 17:42:00,378 [INFO] bit_common: [step 201]: loss=2.57104 (lr=1.2e-03) zero_ratio1: 45.44271% zero_ratio2: 44.50758% zero_ratio3: 41.52344% zero_ratio4: 35.56680%
2024-07-21 17:42:01,819 [INFO] bit_common: [step 202]: loss=2.30110 (lr=1.2e-03) zero_ratio1: 44.72656% zero_ratio2: 44.27083% zero_ratio3: 41.38281% zero_ratio4: 34.55437%
2024-07-21 17:42:03,257 [INFO] bit_common: [step 203]: loss=0.79818 (lr=1.2e-03) zero_ratio1: 47.72135% zero_ratio2: 47.94034% zero_ratio3: 46.28906% zero_ratio4: 41.35045%
2024-07-21 17:42:04,704 [INFO] bit_common: [step 204]: loss=2.02889 (lr=1.2e-03) zero_ratio1: 47.39583% zero_ratio2: 46.53172% zero_ratio3: 43.17578% zero_ratio4: 39.07446%
2024-07-21 17:42:06,147 [INFO] bit_common: [step 205]: loss=0.84827 (lr=1.2e-03) zero_ratio1: 47.55859% zero_ratio2: 47.58523% zero_ratio3: 45.92969% zero_ratio4: 41.26674%
2024-07-21 17:42:07,589 [INFO] bit_common: [step 206]: loss=1.14897 (lr=1.2e-03) zero_ratio1: 48.89323% zero_ratio2: 47.09991% zero_ratio3: 46.03125% zero_ratio4: 40.41374%
2024-07-21 17:42:09,032 [INFO] bit_common: [step 207]: loss=0.73364 (lr=1.2e-03) zero_ratio1: 47.94922% zero_ratio2: 47.57339% zero_ratio3: 45.98828% zero_ratio4: 42.11575%
2024-07-21 17:42:10,474 [INFO] bit_common: [step 208]: loss=0.87310 (lr=1.2e-03) zero_ratio1: 47.59115% zero_ratio2: 46.46070% zero_ratio3: 43.28127% zero_ratio4: 38.12580%
2024-07-21 17:42:11,919 [INFO] bit_common: [step 209]: loss=0.84119 (lr=1.3e-03) zero_ratio1: 46.87500% zero_ratio2: 46.55540% zero_ratio3: 44.85156% zero_ratio4: 39.04257%
2024-07-21 17:42:13,362 [INFO] bit_common: [step 210]: loss=0.84006 (lr=1.3e-03) zero_ratio1: 47.20052% zero_ratio2: 47.23011% zero_ratio3: 45.72656% zero_ratio4: 41.01961%
2024-07-21 17:42:14,804 [INFO] bit_common: [step 211]: loss=0.83586 (lr=1.3e-03) zero_ratio1: 48.92578% zero_ratio2: 47.45502% zero_ratio3: 45.89844% zero_ratio4: 41.70520%
2024-07-21 17:42:16,247 [INFO] bit_common: [step 212]: loss=0.87348 (lr=1.3e-03) zero_ratio1: 48.43750% zero_ratio2: 47.89299% zero_ratio3: 46.25781% zero_ratio4: 41.61751%
2024-07-21 17:42:17,688 [INFO] bit_common: [step 213]: loss=0.79690 (lr=1.3e-03) zero_ratio1: 46.80990% zero_ratio2: 47.45502% zero_ratio3: 45.22656% zero_ratio4: 39.34949%
2024-07-21 17:42:19,131 [INFO] bit_common: [step 214]: loss=0.83176 (lr=1.3e-03) zero_ratio1: 45.27995% zero_ratio2: 44.33002% zero_ratio3: 40.99609% zero_ratio4: 35.28779%
2024-07-21 17:42:20,577 [INFO] bit_common: [step 215]: loss=0.78431 (lr=1.3e-03) zero_ratio1: 44.40104% zero_ratio2: 44.09328% zero_ratio3: 41.30859% zero_ratio4: 35.39143%
2024-07-21 17:42:22,021 [INFO] bit_common: [step 216]: loss=0.83650 (lr=1.3e-03) zero_ratio1: 48.95833% zero_ratio2: 47.83381% zero_ratio3: 46.11328% zero_ratio4: 41.03555%
2024-07-21 17:42:23,476 [INFO] bit_common: [step 217]: loss=0.91078 (lr=1.3e-03) zero_ratio1: 45.83333% zero_ratio2: 45.08759% zero_ratio3: 41.91797% zero_ratio4: 36.76260%
2024-07-21 17:42:24,919 [INFO] bit_common: [step 218]: loss=0.82486 (lr=1.3e-03) zero_ratio1: 48.11198% zero_ratio2: 47.57339% zero_ratio3: 45.92969% zero_ratio4: 41.51786%
2024-07-21 17:42:26,364 [INFO] bit_common: [step 219]: loss=0.79765 (lr=1.3e-03) zero_ratio1: 46.25651% zero_ratio2: 45.06392% zero_ratio3: 42.13281% zero_ratio4: 36.94994%
2024-07-21 17:42:27,813 [INFO] bit_common: [step 220]: loss=0.74352 (lr=1.3e-03) zero_ratio1: 48.20964% zero_ratio2: 47.81013% zero_ratio3: 45.94533% zero_ratio4: 41.16311%
2024-07-21 17:42:29,260 [INFO] bit_common: [step 221]: loss=0.77366 (lr=1.3e-03) zero_ratio1: 47.98177% zero_ratio2: 47.98769% zero_ratio3: 45.86328% zero_ratio4: 41.12724%
2024-07-21 17:42:30,708 [INFO] bit_common: [step 222]: loss=1.56293 (lr=1.3e-03) zero_ratio1: 47.39583% zero_ratio2: 46.93419% zero_ratio3: 45.00000% zero_ratio4: 39.82382%
2024-07-21 17:42:32,150 [INFO] bit_common: [step 223]: loss=0.83869 (lr=1.3e-03) zero_ratio1: 47.81901% zero_ratio2: 47.18277% zero_ratio3: 45.96094% zero_ratio4: 41.59359%
2024-07-21 17:42:33,597 [INFO] bit_common: [step 224]: loss=0.83272 (lr=1.3e-03) zero_ratio1: 47.00521% zero_ratio2: 46.51989% zero_ratio3: 45.19141% zero_ratio4: 39.87564%
2024-07-21 17:42:35,039 [INFO] bit_common: [step 225]: loss=0.79166 (lr=1.4e-03) zero_ratio1: 46.84245% zero_ratio2: 45.98722% zero_ratio3: 43.41016% zero_ratio4: 38.11783%
2024-07-21 17:42:36,484 [INFO] bit_common: [step 226]: loss=0.75093 (lr=1.4e-03) zero_ratio1: 48.17708% zero_ratio2: 47.46686% zero_ratio3: 46.22266% zero_ratio4: 41.76100%
2024-07-21 17:42:37,926 [INFO] bit_common: [step 227]: loss=3.29852 (lr=1.4e-03) zero_ratio1: 45.57292% zero_ratio2: 44.61411% zero_ratio3: 41.48438% zero_ratio4: 34.98485%
2024-07-21 17:42:39,370 [INFO] bit_common: [step 228]: loss=0.74593 (lr=1.4e-03) zero_ratio1: 47.59115% zero_ratio2: 47.18277% zero_ratio3: 45.89453% zero_ratio4: 41.30262%
2024-07-21 17:42:40,810 [INFO] bit_common: [step 229]: loss=3.49683 (lr=1.4e-03) zero_ratio1: 45.44271% zero_ratio2: 44.46023% zero_ratio3: 41.32812% zero_ratio4: 35.85778%
2024-07-21 17:42:42,253 [INFO] bit_common: [step 230]: loss=0.71513 (lr=1.4e-03) zero_ratio1: 47.10286% zero_ratio2: 47.53788% zero_ratio3: 45.39453% zero_ratio4: 40.33802%
2024-07-21 17:42:43,702 [INFO] bit_common: [step 231]: loss=0.76073 (lr=1.4e-03) zero_ratio1: 47.00521% zero_ratio2: 46.72112% zero_ratio3: 43.67969% zero_ratio4: 39.83976%
2024-07-21 17:42:45,149 [INFO] bit_common: [step 232]: loss=1.84896 (lr=1.4e-03) zero_ratio1: 47.10286% zero_ratio2: 46.29498% zero_ratio3: 43.27344% zero_ratio4: 39.83578%
2024-07-21 17:42:46,589 [INFO] bit_common: [step 233]: loss=1.65731 (lr=1.4e-03) zero_ratio1: 44.17318% zero_ratio2: 43.98674% zero_ratio3: 41.48828% zero_ratio4: 35.05261%
2024-07-21 17:42:48,033 [INFO] bit_common: [step 234]: loss=0.77249 (lr=1.4e-03) zero_ratio1: 44.30339% zero_ratio2: 44.42472% zero_ratio3: 40.92969% zero_ratio4: 34.92905%
2024-07-21 17:42:49,479 [INFO] bit_common: [step 235]: loss=0.79467 (lr=1.4e-03) zero_ratio1: 45.18229% zero_ratio2: 44.68513% zero_ratio3: 41.85156% zero_ratio4: 36.89015%
2024-07-21 17:42:50,924 [INFO] bit_common: [step 236]: loss=0.76687 (lr=1.4e-03) zero_ratio1: 47.81901% zero_ratio2: 47.95218% zero_ratio3: 46.30859% zero_ratio4: 41.63345%
2024-07-21 17:42:52,366 [INFO] bit_common: [step 237]: loss=0.74925 (lr=1.4e-03) zero_ratio1: 48.60026% zero_ratio2: 47.94034% zero_ratio3: 46.09766% zero_ratio4: 41.93638%
2024-07-21 17:42:53,811 [INFO] bit_common: [step 238]: loss=0.87757 (lr=1.4e-03) zero_ratio1: 47.20052% zero_ratio2: 47.60890% zero_ratio3: 46.00781% zero_ratio4: 41.27073%
2024-07-21 17:42:55,257 [INFO] bit_common: [step 239]: loss=0.78291 (lr=1.4e-03) zero_ratio1: 47.07031% zero_ratio2: 47.33665% zero_ratio3: 46.04688% zero_ratio4: 41.62149%
2024-07-21 17:42:56,712 [INFO] bit_common: [step 240]: loss=0.74207 (lr=1.4e-03) zero_ratio1: 47.68880% zero_ratio2: 47.18277% zero_ratio3: 45.68750% zero_ratio4: 41.77296%
2024-07-21 17:42:58,153 [INFO] bit_common: [step 241]: loss=1.69563 (lr=1.4e-03) zero_ratio1: 46.77734% zero_ratio2: 46.78030% zero_ratio3: 43.53906% zero_ratio4: 40.14668%
2024-07-21 17:42:59,601 [INFO] bit_common: [step 242]: loss=3.58587 (lr=1.5e-03) zero_ratio1: 44.66146% zero_ratio2: 44.67330% zero_ratio3: 41.18359% zero_ratio4: 36.28827%
2024-07-21 17:43:01,046 [INFO] bit_common: [step 243]: loss=3.66589 (lr=1.5e-03) zero_ratio1: 44.23828% zero_ratio2: 44.22348% zero_ratio3: 40.76953% zero_ratio4: 34.83339%
2024-07-21 17:43:02,494 [INFO] bit_common: [step 244]: loss=0.72839 (lr=1.5e-03) zero_ratio1: 47.42839% zero_ratio2: 47.24195% zero_ratio3: 45.61719% zero_ratio4: 41.48199%
2024-07-21 17:43:03,976 [INFO] bit_common: [step 245]: loss=0.74732 (lr=1.5e-03) zero_ratio1: 48.07943% zero_ratio2: 47.70360% zero_ratio3: 46.21094% zero_ratio4: 41.76100%
2024-07-21 17:43:05,425 [INFO] bit_common: [step 246]: loss=0.87194 (lr=1.5e-03) zero_ratio1: 45.54036% zero_ratio2: 44.48390% zero_ratio3: 41.45312% zero_ratio4: 36.74665%
2024-07-21 17:43:06,873 [INFO] bit_common: [step 247]: loss=3.66050 (lr=1.5e-03) zero_ratio1: 43.61979% zero_ratio2: 43.61979% zero_ratio3: 40.57812% zero_ratio4: 34.58626%
2024-07-21 17:43:08,319 [INFO] bit_common: [step 248]: loss=0.78693 (lr=1.5e-03) zero_ratio1: 46.94010% zero_ratio2: 47.31297% zero_ratio3: 46.08984% zero_ratio4: 41.14716%
2024-07-21 17:43:09,762 [INFO] bit_common: [step 249]: loss=0.88380 (lr=1.5e-03) zero_ratio1: 46.61458% zero_ratio2: 47.05256% zero_ratio3: 45.66797% zero_ratio4: 41.09534%
2024-07-21 17:43:11,208 [INFO] bit_common: [step 250]: loss=1.78967 (lr=1.5e-03) zero_ratio1: 47.72135% zero_ratio2: 46.73295% zero_ratio3: 43.95703% zero_ratio4: 39.25383%
2024-07-21 17:43:12,651 [INFO] bit_common: [step 251]: loss=0.84663 (lr=1.5e-03) zero_ratio1: 44.56380% zero_ratio2: 43.90388% zero_ratio3: 41.37109% zero_ratio4: 36.14876%
2024-07-21 17:43:14,091 [INFO] bit_common: [step 252]: loss=0.80467 (lr=1.5e-03) zero_ratio1: 48.24219% zero_ratio2: 47.26562% zero_ratio3: 46.21094% zero_ratio4: 40.60906%
2024-07-21 17:43:15,535 [INFO] bit_common: [step 253]: loss=1.30219 (lr=1.5e-03) zero_ratio1: 47.68880% zero_ratio2: 46.75663% zero_ratio3: 45.57812% zero_ratio4: 39.77599%
2024-07-21 17:43:16,977 [INFO] bit_common: [step 254]: loss=1.29369 (lr=1.5e-03) zero_ratio1: 46.77734% zero_ratio2: 47.21828% zero_ratio3: 44.83205% zero_ratio4: 40.31409%
2024-07-21 17:43:18,419 [INFO] bit_common: [step 255]: loss=0.78985 (lr=1.5e-03) zero_ratio1: 47.07031% zero_ratio2: 47.50237% zero_ratio3: 46.02734% zero_ratio4: 41.60156%
2024-07-21 17:43:19,864 [INFO] bit_common: [step 256]: loss=0.73382 (lr=1.5e-03) zero_ratio1: 47.62370% zero_ratio2: 46.60275% zero_ratio3: 43.91016% zero_ratio4: 39.60858%
2024-07-21 17:43:21,309 [INFO] bit_common: [step 257]: loss=0.72614 (lr=1.5e-03) zero_ratio1: 45.05208% zero_ratio2: 44.36553% zero_ratio3: 41.64062% zero_ratio4: 36.62309%
2024-07-21 17:43:22,757 [INFO] bit_common: [step 258]: loss=0.75992 (lr=1.5e-03) zero_ratio1: 48.27474% zero_ratio2: 47.32481% zero_ratio3: 45.92969% zero_ratio4: 42.28715%
2024-07-21 17:43:24,203 [INFO] bit_common: [step 259]: loss=0.83837 (lr=1.6e-03) zero_ratio1: 47.49349% zero_ratio2: 47.28930% zero_ratio3: 46.12500% zero_ratio4: 41.27471%
2024-07-21 17:43:25,650 [INFO] bit_common: [step 260]: loss=0.70478 (lr=1.6e-03) zero_ratio1: 47.94922% zero_ratio2: 47.36032% zero_ratio3: 45.99609% zero_ratio4: 41.60156%
2024-07-21 17:43:27,093 [INFO] bit_common: [step 261]: loss=1.81530 (lr=1.6e-03) zero_ratio1: 47.88411% zero_ratio2: 46.66193% zero_ratio3: 43.56250% zero_ratio4: 39.70026%
2024-07-21 17:43:28,538 [INFO] bit_common: [step 262]: loss=0.71089 (lr=1.6e-03) zero_ratio1: 47.46094% zero_ratio2: 47.44318% zero_ratio3: 46.08984% zero_ratio4: 41.43017%
2024-07-21 17:43:29,983 [INFO] bit_common: [step 263]: loss=1.10224 (lr=1.6e-03) zero_ratio1: 47.33073% zero_ratio2: 47.57339% zero_ratio3: 45.62109% zero_ratio4: 40.80437%
2024-07-21 17:43:31,425 [INFO] bit_common: [step 264]: loss=0.79283 (lr=1.6e-03) zero_ratio1: 47.20052% zero_ratio2: 47.45502% zero_ratio3: 46.05469% zero_ratio4: 41.34247%
2024-07-21 17:43:32,868 [INFO] bit_common: [step 265]: loss=0.78238 (lr=1.6e-03) zero_ratio1: 47.52604% zero_ratio2: 46.76847% zero_ratio3: 45.44531% zero_ratio4: 39.62054%
2024-07-21 17:43:34,308 [INFO] bit_common: [step 266]: loss=0.66301 (lr=1.6e-03) zero_ratio1: 48.01432% zero_ratio2: 47.67992% zero_ratio3: 46.51953% zero_ratio4: 42.45057%
2024-07-21 17:43:35,753 [INFO] bit_common: [step 267]: loss=0.79777 (lr=1.6e-03) zero_ratio1: 47.81901% zero_ratio2: 47.02888% zero_ratio3: 45.94531% zero_ratio4: 41.55772%
2024-07-21 17:43:37,198 [INFO] bit_common: [step 268]: loss=2.34505 (lr=1.6e-03) zero_ratio1: 47.33073% zero_ratio2: 46.10559% zero_ratio3: 42.80859% zero_ratio4: 36.87819%
2024-07-21 17:43:38,644 [INFO] bit_common: [step 269]: loss=0.71565 (lr=1.6e-03) zero_ratio1: 47.65625% zero_ratio2: 47.70360% zero_ratio3: 45.67969% zero_ratio4: 41.03555%
2024-07-21 17:43:40,090 [INFO] bit_common: [step 270]: loss=1.46583 (lr=1.6e-03) zero_ratio1: 45.08464% zero_ratio2: 44.11695% zero_ratio3: 41.42969% zero_ratio4: 37.58769%
2024-07-21 17:43:41,538 [INFO] bit_common: [step 271]: loss=2.57503 (lr=1.6e-03) zero_ratio1: 45.89844% zero_ratio2: 45.39536% zero_ratio3: 42.52344% zero_ratio4: 37.74314%
2024-07-21 17:43:42,982 [INFO] bit_common: [step 272]: loss=1.00985 (lr=1.6e-03) zero_ratio1: 48.01432% zero_ratio2: 46.62642% zero_ratio3: 44.64062% zero_ratio4: 40.34997%
2024-07-21 17:43:44,426 [INFO] bit_common: [step 273]: loss=0.76872 (lr=1.6e-03) zero_ratio1: 48.11198% zero_ratio2: 47.01705% zero_ratio3: 46.33594% zero_ratio4: 42.05596%
2024-07-21 17:43:45,867 [INFO] bit_common: [step 274]: loss=2.00817 (lr=1.6e-03) zero_ratio1: 47.00521% zero_ratio2: 46.51989% zero_ratio3: 43.28906% zero_ratio4: 38.63999%
2024-07-21 17:43:47,307 [INFO] bit_common: [step 275]: loss=3.74135 (lr=1.7e-03) zero_ratio1: 44.14062% zero_ratio2: 43.84470% zero_ratio3: 40.92578% zero_ratio4: 33.83291%
2024-07-21 17:43:48,751 [INFO] bit_common: [step 276]: loss=0.97879 (lr=1.7e-03) zero_ratio1: 45.31250% zero_ratio2: 44.70881% zero_ratio3: 41.75781% zero_ratio4: 37.33259%
2024-07-21 17:43:50,194 [INFO] bit_common: [step 277]: loss=0.79027 (lr=1.7e-03) zero_ratio1: 47.42839% zero_ratio2: 46.75663% zero_ratio3: 44.11328% zero_ratio4: 39.37739%
2024-07-21 17:43:51,640 [INFO] bit_common: [step 278]: loss=2.10083 (lr=1.7e-03) zero_ratio1: 47.07031% zero_ratio2: 45.65578% zero_ratio3: 42.42969% zero_ratio4: 38.97482%
2024-07-21 17:43:53,085 [INFO] bit_common: [step 279]: loss=0.76507 (lr=1.7e-03) zero_ratio1: 47.91667% zero_ratio2: 46.59091% zero_ratio3: 46.52734% zero_ratio4: 42.34295%
2024-07-21 17:43:54,528 [INFO] bit_common: [step 280]: loss=0.74809 (lr=1.7e-03) zero_ratio1: 46.67969% zero_ratio2: 46.82765% zero_ratio3: 44.01562% zero_ratio4: 40.48948%
2024-07-21 17:43:55,972 [INFO] bit_common: [step 281]: loss=0.71669 (lr=1.7e-03) zero_ratio1: 46.87500% zero_ratio2: 46.50805% zero_ratio3: 43.98828% zero_ratio4: 39.36543%
2024-07-21 17:43:57,419 [INFO] bit_common: [step 282]: loss=0.92165 (lr=1.7e-03) zero_ratio1: 47.23307% zero_ratio2: 47.52604% zero_ratio3: 45.33594% zero_ratio4: 41.55373%
2024-07-21 17:43:58,862 [INFO] bit_common: [step 283]: loss=0.72751 (lr=1.7e-03) zero_ratio1: 47.68880% zero_ratio2: 47.70360% zero_ratio3: 46.10156% zero_ratio4: 42.11974%
2024-07-21 17:44:00,308 [INFO] bit_common: [step 284]: loss=0.75079 (lr=1.7e-03) zero_ratio1: 47.75391% zero_ratio2: 47.50237% zero_ratio3: 46.01953% zero_ratio4: 42.16757%
2024-07-21 17:44:01,754 [INFO] bit_common: [step 285]: loss=0.72247 (lr=1.7e-03) zero_ratio1: 46.87500% zero_ratio2: 47.34848% zero_ratio3: 45.54297% zero_ratio4: 41.66933%
2024-07-21 17:44:03,200 [INFO] bit_common: [step 286]: loss=0.78605 (lr=1.7e-03) zero_ratio1: 47.81901% zero_ratio2: 47.33665% zero_ratio3: 46.12891% zero_ratio4: 41.69324%
2024-07-21 17:44:04,643 [INFO] bit_common: [step 287]: loss=2.19163 (lr=1.7e-03) zero_ratio1: 47.00521% zero_ratio2: 46.35417% zero_ratio3: 43.44531% zero_ratio4: 37.51993%
2024-07-21 17:44:06,087 [INFO] bit_common: [step 288]: loss=0.78991 (lr=1.7e-03) zero_ratio1: 47.16797% zero_ratio2: 46.69744% zero_ratio3: 45.91797% zero_ratio4: 40.44165%
2024-07-21 17:44:07,531 [INFO] bit_common: [step 289]: loss=0.75808 (lr=1.7e-03) zero_ratio1: 45.37760% zero_ratio2: 44.86269% zero_ratio3: 41.16797% zero_ratio4: 37.57573%
2024-07-21 17:44:08,976 [INFO] bit_common: [step 290]: loss=0.74250 (lr=1.7e-03) zero_ratio1: 48.01432% zero_ratio2: 46.85133% zero_ratio3: 46.05859% zero_ratio4: 42.19149%
2024-07-21 17:44:10,420 [INFO] bit_common: [step 291]: loss=3.18426 (lr=1.7e-03) zero_ratio1: 44.14062% zero_ratio2: 44.31818% zero_ratio3: 41.96875% zero_ratio4: 37.16119%
2024-07-21 17:44:11,864 [INFO] bit_common: [step 292]: loss=0.63194 (lr=1.8e-03) zero_ratio1: 47.72135% zero_ratio2: 47.43134% zero_ratio3: 46.15625% zero_ratio4: 41.90848%
2024-07-21 17:44:13,207 [INFO] bit_common: [step 293]: loss=2.33678 (lr=1.8e-03) zero_ratio1: 46.22396% zero_ratio2: 43.53693% zero_ratio3: 41.96094% zero_ratio4: 36.18862%
2024-07-21 17:45:13,885 [INFO] bit_common: [step 294]: loss=0.69392 (lr=1.8e-03) zero_ratio1: 42.96875% zero_ratio2: 43.14631% zero_ratio3: 40.94922% zero_ratio4: 35.62261%
2024-07-21 17:45:15,328 [INFO] bit_common: [step 295]: loss=0.67430 (lr=1.8e-03) zero_ratio1: 46.41927% zero_ratio2: 47.41951% zero_ratio3: 43.78516% zero_ratio4: 39.26180%
2024-07-21 17:45:16,767 [INFO] bit_common: [step 296]: loss=3.13273 (lr=1.8e-03) zero_ratio1: 44.75911% zero_ratio2: 44.61411% zero_ratio3: 41.72267% zero_ratio4: 37.23693%
2024-07-21 17:45:18,209 [INFO] bit_common: [step 297]: loss=0.75291 (lr=1.8e-03) zero_ratio1: 48.53516% zero_ratio2: 47.72727% zero_ratio3: 46.25781% zero_ratio4: 41.95234%
2024-07-21 17:45:19,647 [INFO] bit_common: [step 298]: loss=0.71768 (lr=1.8e-03) zero_ratio1: 47.85156% zero_ratio2: 47.30114% zero_ratio3: 46.03516% zero_ratio4: 42.68973%
2024-07-21 17:45:21,085 [INFO] bit_common: [step 299]: loss=0.81529 (lr=1.8e-03) zero_ratio1: 46.41927% zero_ratio2: 46.31866% zero_ratio3: 42.81250% zero_ratio4: 39.26578%
2024-07-21 17:45:22,541 [INFO] bit_common: [step 300]: loss=1.22106 (lr=1.8e-03) zero_ratio1: 46.25651% zero_ratio2: 47.15909% zero_ratio3: 45.12891% zero_ratio4: 40.36591%
2024-07-21 17:45:23,986 [INFO] bit_common: [step 301]: loss=0.73459 (lr=1.8e-03) zero_ratio1: 43.91276% zero_ratio2: 43.43040% zero_ratio3: 40.94922% zero_ratio4: 35.94547%
2024-07-21 17:45:25,431 [INFO] bit_common: [step 302]: loss=0.65825 (lr=1.8e-03) zero_ratio1: 47.59115% zero_ratio2: 45.79782% zero_ratio3: 43.29688% zero_ratio4: 38.07797%
2024-07-21 17:45:26,868 [INFO] bit_common: [step 303]: loss=1.94102 (lr=1.8e-03) zero_ratio1: 46.80990% zero_ratio2: 46.21212% zero_ratio3: 43.52734% zero_ratio4: 38.85124%
2024-07-21 17:45:28,306 [INFO] bit_common: [step 304]: loss=3.37747 (lr=1.8e-03) zero_ratio1: 43.94531% zero_ratio2: 44.83902% zero_ratio3: 44.00391% zero_ratio4: 37.40832%
2024-07-21 17:45:29,744 [INFO] bit_common: [step 305]: loss=0.57597 (lr=1.8e-03) zero_ratio1: 47.46094% zero_ratio2: 47.73911% zero_ratio3: 45.58984% zero_ratio4: 41.47003%
2024-07-21 17:45:31,187 [INFO] bit_common: [step 306]: loss=0.69796 (lr=1.8e-03) zero_ratio1: 47.00521% zero_ratio2: 45.47822% zero_ratio3: 41.89453% zero_ratio4: 37.71126%
2024-07-21 17:45:32,628 [INFO] bit_common: [step 307]: loss=0.66047 (lr=1.8e-03) zero_ratio1: 48.30729% zero_ratio2: 47.85748% zero_ratio3: 46.24219% zero_ratio4: 42.43064%
2024-07-21 17:45:34,074 [INFO] bit_common: [step 308]: loss=0.72417 (lr=1.8e-03) zero_ratio1: 48.37240% zero_ratio2: 47.59706% zero_ratio3: 45.86719% zero_ratio4: 42.10778%
2024-07-21 17:45:35,515 [INFO] bit_common: [step 309]: loss=3.58154 (lr=1.9e-03) zero_ratio1: 43.81510% zero_ratio2: 44.16430% zero_ratio3: 42.96875% zero_ratio4: 35.76212%
2024-07-21 17:45:36,957 [INFO] bit_common: [step 310]: loss=0.87957 (lr=1.9e-03) zero_ratio1: 45.67057% zero_ratio2: 45.67945% zero_ratio3: 44.11330% zero_ratio4: 39.86368%
2024-07-21 17:45:38,402 [INFO] bit_common: [step 311]: loss=0.67963 (lr=1.9e-03) zero_ratio1: 46.87500% zero_ratio2: 47.52604% zero_ratio3: 45.76953% zero_ratio4: 40.81633%
2024-07-21 17:45:39,844 [INFO] bit_common: [step 312]: loss=0.62351 (lr=1.9e-03) zero_ratio1: 44.17318% zero_ratio2: 43.53693% zero_ratio3: 41.75000% zero_ratio4: 36.58721%
2024-07-21 17:45:41,287 [INFO] bit_common: [step 313]: loss=0.73004 (lr=1.9e-03) zero_ratio1: 46.12630% zero_ratio2: 46.34233% zero_ratio3: 44.93359% zero_ratio4: 40.28619%
2024-07-21 17:45:42,748 [INFO] bit_common: [step 314]: loss=1.17381 (lr=1.9e-03) zero_ratio1: 46.22396% zero_ratio2: 45.82150% zero_ratio3: 43.49609% zero_ratio4: 39.17411%
2024-07-21 17:45:44,188 [INFO] bit_common: [step 315]: loss=0.76457 (lr=1.9e-03) zero_ratio1: 47.39583% zero_ratio2: 47.65625% zero_ratio3: 46.70312% zero_ratio4: 42.15163%
2024-07-21 17:45:45,633 [INFO] bit_common: [step 316]: loss=0.62319 (lr=1.9e-03) zero_ratio1: 46.54948% zero_ratio2: 47.26562% zero_ratio3: 45.57031% zero_ratio4: 40.44165%
2024-07-21 17:45:47,076 [INFO] bit_common: [step 317]: loss=1.00510 (lr=1.9e-03) zero_ratio1: 46.38672% zero_ratio2: 46.92235% zero_ratio3: 45.61719% zero_ratio4: 40.46556%
2024-07-21 17:45:48,517 [INFO] bit_common: [step 318]: loss=2.74118 (lr=1.9e-03) zero_ratio1: 44.01042% zero_ratio2: 43.96307% zero_ratio3: 41.44141% zero_ratio4: 34.59821%
2024-07-21 17:45:49,962 [INFO] bit_common: [step 319]: loss=3.50986 (lr=1.9e-03) zero_ratio1: 43.58724% zero_ratio2: 44.15246% zero_ratio3: 41.46875% zero_ratio4: 36.73469%
2024-07-21 17:45:51,408 [INFO] bit_common: [step 320]: loss=2.00176 (lr=1.9e-03) zero_ratio1: 45.76823% zero_ratio2: 44.60227% zero_ratio3: 41.60156% zero_ratio4: 36.52742%
2024-07-21 17:45:52,848 [INFO] bit_common: [step 321]: loss=0.70840 (lr=1.9e-03) zero_ratio1: 44.98698% zero_ratio2: 45.04025% zero_ratio3: 41.58203% zero_ratio4: 35.78603%
2024-07-21 17:45:54,295 [INFO] bit_common: [step 322]: loss=1.49368 (lr=1.9e-03) zero_ratio1: 45.80078% zero_ratio2: 46.59091% zero_ratio3: 44.53125% zero_ratio4: 38.83929%
2024-07-21 17:45:55,736 [INFO] bit_common: [step 323]: loss=0.68021 (lr=1.9e-03) zero_ratio1: 46.12630% zero_ratio2: 47.59706% zero_ratio3: 45.51562% zero_ratio4: 40.44963%
2024-07-21 17:45:57,180 [INFO] bit_common: [step 324]: loss=0.70052 (lr=1.9e-03) zero_ratio1: 48.11198% zero_ratio2: 47.47869% zero_ratio3: 45.96484% zero_ratio4: 42.27121%
2024-07-21 17:45:58,624 [INFO] bit_common: [step 325]: loss=0.61187 (lr=1.9e-03) zero_ratio1: 44.10807% zero_ratio2: 44.16430% zero_ratio3: 41.45703% zero_ratio4: 34.98485%
2024-07-21 17:46:00,073 [INFO] bit_common: [step 326]: loss=0.68962 (lr=2.0e-03) zero_ratio1: 46.51693% zero_ratio2: 46.20028% zero_ratio3: 43.18359% zero_ratio4: 39.47704%
2024-07-21 17:46:01,520 [INFO] bit_common: [step 327]: loss=1.39340 (lr=2.0e-03) zero_ratio1: 47.26562% zero_ratio2: 46.76847% zero_ratio3: 44.87109% zero_ratio4: 40.23039%
2024-07-21 17:46:02,962 [INFO] bit_common: [step 328]: loss=3.62927 (lr=2.0e-03) zero_ratio1: 44.14062% zero_ratio2: 44.04593% zero_ratio3: 41.80859% zero_ratio4: 36.43176%
2024-07-21 17:46:04,405 [INFO] bit_common: [step 329]: loss=0.72324 (lr=2.0e-03) zero_ratio1: 47.49349% zero_ratio2: 47.04072% zero_ratio3: 45.76172% zero_ratio4: 41.35045%
2024-07-21 17:46:05,847 [INFO] bit_common: [step 330]: loss=0.78274 (lr=2.0e-03) zero_ratio1: 46.45182% zero_ratio2: 46.48438% zero_ratio3: 44.23438% zero_ratio4: 39.44117%
2024-07-21 17:46:07,299 [INFO] bit_common: [step 331]: loss=0.75038 (lr=2.0e-03) zero_ratio1: 47.75391% zero_ratio2: 47.02888% zero_ratio3: 46.38672% zero_ratio4: 41.68128%
2024-07-21 17:46:08,745 [INFO] bit_common: [step 332]: loss=1.91053 (lr=2.0e-03) zero_ratio1: 47.03776% zero_ratio2: 46.08191% zero_ratio3: 42.54297% zero_ratio4: 39.28571%
2024-07-21 17:46:10,192 [INFO] bit_common: [step 333]: loss=0.65705 (lr=2.0e-03) zero_ratio1: 48.63281% zero_ratio2: 47.30114% zero_ratio3: 46.19922% zero_ratio4: 41.52982%
2024-07-21 17:46:11,642 [INFO] bit_common: [step 334]: loss=0.64280 (lr=2.0e-03) zero_ratio1: 47.03776% zero_ratio2: 45.77415% zero_ratio3: 43.01953% zero_ratio4: 38.42076%
2024-07-21 17:46:13,086 [INFO] bit_common: [step 335]: loss=1.85243 (lr=2.0e-03) zero_ratio1: 46.67969% zero_ratio2: 45.97538% zero_ratio3: 43.48828% zero_ratio4: 39.58068%
2024-07-21 17:46:14,533 [INFO] bit_common: [step 336]: loss=2.20374 (lr=2.0e-03) zero_ratio1: 47.46094% zero_ratio2: 45.41903% zero_ratio3: 43.09375% zero_ratio4: 38.48453%
2024-07-21 17:46:15,983 [INFO] bit_common: [step 337]: loss=0.72800 (lr=2.0e-03) zero_ratio1: 46.80990% zero_ratio2: 47.02888% zero_ratio3: 46.28516% zero_ratio4: 42.07191%
2024-07-21 17:46:17,427 [INFO] bit_common: [step 338]: loss=0.70957 (lr=2.0e-03) zero_ratio1: 48.17708% zero_ratio2: 47.79830% zero_ratio3: 46.22266% zero_ratio4: 42.19946%
2024-07-21 17:46:18,873 [INFO] bit_common: [step 339]: loss=0.70403 (lr=2.0e-03) zero_ratio1: 46.51693% zero_ratio2: 46.09375% zero_ratio3: 44.01953% zero_ratio4: 39.66837%
2024-07-21 17:46:20,317 [INFO] bit_common: [step 340]: loss=0.74315 (lr=2.0e-03) zero_ratio1: 47.59115% zero_ratio2: 47.39583% zero_ratio3: 46.18359% zero_ratio4: 41.84869%
2024-07-21 17:46:21,760 [INFO] bit_common: [step 341]: loss=2.87056 (lr=2.0e-03) zero_ratio1: 45.54036% zero_ratio2: 44.94555% zero_ratio3: 41.32422% zero_ratio4: 36.22449%
2024-07-21 17:46:23,206 [INFO] bit_common: [step 342]: loss=2.69532 (lr=2.1e-03) zero_ratio1: 45.24740% zero_ratio2: 45.18229% zero_ratio3: 42.35156% zero_ratio4: 38.13377%
2024-07-21 17:46:24,693 [INFO] bit_common: [step 343]: loss=0.66403 (lr=2.1e-03) zero_ratio1: 47.68880% zero_ratio2: 46.89867% zero_ratio3: 46.56641% zero_ratio4: 42.28316%
2024-07-21 17:46:26,139 [INFO] bit_common: [step 344]: loss=3.47883 (lr=2.1e-03) zero_ratio1: 43.88021% zero_ratio2: 44.01042% zero_ratio3: 40.92188% zero_ratio4: 35.61862%
2024-07-21 17:46:27,580 [INFO] bit_common: [step 345]: loss=0.62643 (lr=2.1e-03) zero_ratio1: 47.78646% zero_ratio2: 47.97585% zero_ratio3: 46.08594% zero_ratio4: 41.27471%
2024-07-21 17:46:29,022 [INFO] bit_common: [step 346]: loss=3.34589 (lr=2.1e-03) zero_ratio1: 44.75911% zero_ratio2: 43.86837% zero_ratio3: 41.32422% zero_ratio4: 37.70729%
2024-07-21 17:46:30,465 [INFO] bit_common: [step 347]: loss=0.68530 (lr=2.1e-03) zero_ratio1: 46.84245% zero_ratio2: 46.89867% zero_ratio3: 44.14845% zero_ratio4: 39.57669%
2024-07-21 17:46:31,909 [INFO] bit_common: [step 348]: loss=0.67545 (lr=2.1e-03) zero_ratio1: 47.42839% zero_ratio2: 47.06439% zero_ratio3: 46.20312% zero_ratio4: 42.69771%
2024-07-21 17:46:33,351 [INFO] bit_common: [step 349]: loss=1.78489 (lr=2.1e-03) zero_ratio1: 46.67969% zero_ratio2: 46.36600% zero_ratio3: 43.12500% zero_ratio4: 39.12628%
2024-07-21 17:46:34,793 [INFO] bit_common: [step 350]: loss=1.00688 (lr=2.1e-03) zero_ratio1: 45.93099% zero_ratio2: 44.79167% zero_ratio3: 42.17969% zero_ratio4: 37.51994%
2024-07-21 17:46:36,238 [INFO] bit_common: [step 351]: loss=0.71858 (lr=2.1e-03) zero_ratio1: 46.54948% zero_ratio2: 46.70928% zero_ratio3: 43.94531% zero_ratio4: 38.00224%
2024-07-21 17:46:37,682 [INFO] bit_common: [step 352]: loss=0.67057 (lr=2.1e-03) zero_ratio1: 43.19661% zero_ratio2: 44.46023% zero_ratio3: 41.59375% zero_ratio4: 36.67092%
2024-07-21 17:46:39,127 [INFO] bit_common: [step 353]: loss=0.63973 (lr=2.1e-03) zero_ratio1: 43.29427% zero_ratio2: 43.69081% zero_ratio3: 41.16797% zero_ratio4: 35.73023%
2024-07-21 17:46:40,568 [INFO] bit_common: [step 354]: loss=0.73409 (lr=2.1e-03) zero_ratio1: 47.65625% zero_ratio2: 47.97585% zero_ratio3: 46.58203% zero_ratio4: 41.45408%
2024-07-21 17:46:42,011 [INFO] bit_common: [step 355]: loss=0.72926 (lr=2.1e-03) zero_ratio1: 48.07943% zero_ratio2: 47.34848% zero_ratio3: 46.16016% zero_ratio4: 41.72513%
2024-07-21 17:46:43,451 [INFO] bit_common: [step 356]: loss=0.66862 (lr=2.1e-03) zero_ratio1: 46.71224% zero_ratio2: 45.64394% zero_ratio3: 41.85156% zero_ratio4: 36.22848%
2024-07-21 17:46:44,894 [INFO] bit_common: [step 357]: loss=0.66326 (lr=2.1e-03) zero_ratio1: 47.98177% zero_ratio2: 47.23011% zero_ratio3: 46.02734% zero_ratio4: 41.24681%
2024-07-21 17:46:46,335 [INFO] bit_common: [step 358]: loss=0.66838 (lr=2.1e-03) zero_ratio1: 43.61979% zero_ratio2: 44.02225% zero_ratio3: 41.66406% zero_ratio4: 37.37245%
2024-07-21 17:46:47,775 [INFO] bit_common: [step 359]: loss=0.64833 (lr=2.2e-03) zero_ratio1: 48.27474% zero_ratio2: 47.36032% zero_ratio3: 45.85156% zero_ratio4: 41.54576%
2024-07-21 17:46:49,218 [INFO] bit_common: [step 360]: loss=0.76362 (lr=2.2e-03) zero_ratio1: 47.39583% zero_ratio2: 46.51989% zero_ratio3: 43.64844% zero_ratio4: 39.36543%
2024-07-21 17:46:50,664 [INFO] bit_common: [step 361]: loss=2.76658 (lr=2.2e-03) zero_ratio1: 44.53125% zero_ratio2: 44.67330% zero_ratio3: 42.10938% zero_ratio4: 37.76307%
2024-07-21 17:46:52,108 [INFO] bit_common: [step 362]: loss=0.66041 (lr=2.2e-03) zero_ratio1: 46.38672% zero_ratio2: 46.98153% zero_ratio3: 45.12109% zero_ratio4: 40.56920%
2024-07-21 17:46:53,551 [INFO] bit_common: [step 363]: loss=1.00865 (lr=2.2e-03) zero_ratio1: 43.42448% zero_ratio2: 44.25900% zero_ratio3: 41.48047% zero_ratio4: 36.73071%
2024-07-21 17:46:54,995 [INFO] bit_common: [step 364]: loss=0.67599 (lr=2.2e-03) zero_ratio1: 47.39583% zero_ratio2: 46.98153% zero_ratio3: 45.72266% zero_ratio4: 41.84072%
2024-07-21 17:46:56,438 [INFO] bit_common: [step 365]: loss=0.62864 (lr=2.2e-03) zero_ratio1: 48.01432% zero_ratio2: 47.44318% zero_ratio3: 46.43750% zero_ratio4: 42.42666%
2024-07-21 17:46:57,878 [INFO] bit_common: [step 366]: loss=1.51109 (lr=2.2e-03) zero_ratio1: 45.60547% zero_ratio2: 44.19981% zero_ratio3: 42.12500% zero_ratio4: 36.30421%
2024-07-21 17:46:59,319 [INFO] bit_common: [step 367]: loss=0.68445 (lr=2.2e-03) zero_ratio1: 46.61458% zero_ratio2: 46.49621% zero_ratio3: 44.39844% zero_ratio4: 39.60460%
2024-07-21 17:47:00,763 [INFO] bit_common: [step 368]: loss=0.59095 (lr=2.2e-03) zero_ratio1: 47.62370% zero_ratio2: 47.06439% zero_ratio3: 45.43750% zero_ratio4: 40.09487%
2024-07-21 17:47:02,204 [INFO] bit_common: [step 369]: loss=0.68481 (lr=2.2e-03) zero_ratio1: 47.98177% zero_ratio2: 47.72727% zero_ratio3: 46.25781% zero_ratio4: 42.37085%
2024-07-21 17:47:03,645 [INFO] bit_common: [step 370]: loss=0.66534 (lr=2.2e-03) zero_ratio1: 47.75391% zero_ratio2: 47.27746% zero_ratio3: 46.21094% zero_ratio4: 42.06792%
2024-07-21 17:47:05,088 [INFO] bit_common: [step 371]: loss=0.93944 (lr=2.2e-03) zero_ratio1: 48.14453% zero_ratio2: 46.79214% zero_ratio3: 45.79688% zero_ratio4: 41.16311%
2024-07-21 17:47:06,535 [INFO] bit_common: [step 372]: loss=0.73925 (lr=2.2e-03) zero_ratio1: 48.37240% zero_ratio2: 47.13542% zero_ratio3: 45.93359% zero_ratio4: 41.95233%
2024-07-21 17:47:07,977 [INFO] bit_common: [step 373]: loss=0.76386 (lr=2.2e-03) zero_ratio1: 43.35938% zero_ratio2: 43.92756% zero_ratio3: 41.05469% zero_ratio4: 36.51945%
2024-07-21 17:47:09,423 [INFO] bit_common: [step 374]: loss=0.71430 (lr=2.2e-03) zero_ratio1: 47.85156% zero_ratio2: 47.62074% zero_ratio3: 46.17188% zero_ratio4: 41.84869%
2024-07-21 17:47:10,867 [INFO] bit_common: [step 375]: loss=0.59765 (lr=2.2e-03) zero_ratio1: 48.40495% zero_ratio2: 47.05256% zero_ratio3: 46.17578% zero_ratio4: 41.84072%
2024-07-21 17:47:12,312 [INFO] bit_common: [step 376]: loss=0.62710 (lr=2.3e-03) zero_ratio1: 47.68880% zero_ratio2: 47.46686% zero_ratio3: 46.35938% zero_ratio4: 42.36288%
2024-07-21 17:47:13,754 [INFO] bit_common: [step 377]: loss=2.90976 (lr=2.3e-03) zero_ratio1: 45.47526% zero_ratio2: 45.37169% zero_ratio3: 42.22266% zero_ratio4: 37.79098%
2024-07-21 17:47:15,195 [INFO] bit_common: [step 378]: loss=0.67687 (lr=2.3e-03) zero_ratio1: 47.65625% zero_ratio2: 47.57339% zero_ratio3: 46.13281% zero_ratio4: 41.77296%
2024-07-21 17:47:16,640 [INFO] bit_common: [step 379]: loss=0.75353 (lr=2.3e-03) zero_ratio1: 47.68880% zero_ratio2: 47.18277% zero_ratio3: 46.32812% zero_ratio4: 42.65386%
2024-07-21 17:47:18,080 [INFO] bit_common: [step 380]: loss=0.62813 (lr=2.3e-03) zero_ratio1: 48.27474% zero_ratio2: 47.75095% zero_ratio3: 46.40234% zero_ratio4: 41.81680%
2024-07-21 17:47:19,520 [INFO] bit_common: [step 381]: loss=3.21955 (lr=2.3e-03) zero_ratio1: 44.92188% zero_ratio2: 44.17614% zero_ratio3: 41.47266% zero_ratio4: 37.04161%
2024-07-21 17:47:20,964 [INFO] bit_common: [step 382]: loss=0.68528 (lr=2.3e-03) zero_ratio1: 47.39583% zero_ratio2: 46.44886% zero_ratio3: 43.52344% zero_ratio4: 39.43719%
2024-07-21 17:47:22,408 [INFO] bit_common: [step 383]: loss=0.61838 (lr=2.3e-03) zero_ratio1: 47.42839% zero_ratio2: 47.63258% zero_ratio3: 46.11719% zero_ratio4: 42.72561%
2024-07-21 17:47:23,854 [INFO] bit_common: [step 384]: loss=0.66897 (lr=2.3e-03) zero_ratio1: 48.07943% zero_ratio2: 47.47869% zero_ratio3: 46.21875% zero_ratio4: 41.96429%
2024-07-21 17:47:25,300 [INFO] bit_common: [step 385]: loss=0.64377 (lr=2.3e-03) zero_ratio1: 46.94010% zero_ratio2: 46.63826% zero_ratio3: 45.36719% zero_ratio4: 40.40179%
2024-07-21 17:47:26,743 [INFO] bit_common: [step 386]: loss=3.13346 (lr=2.3e-03) zero_ratio1: 42.90365% zero_ratio2: 44.02225% zero_ratio3: 40.94922% zero_ratio4: 34.92905%
2024-07-21 17:47:28,184 [INFO] bit_common: [step 387]: loss=0.64825 (lr=2.3e-03) zero_ratio1: 47.65625% zero_ratio2: 47.18277% zero_ratio3: 46.75002% zero_ratio4: 42.38680%
2024-07-21 17:47:29,627 [INFO] bit_common: [step 388]: loss=0.90084 (lr=2.3e-03) zero_ratio1: 47.36328% zero_ratio2: 47.23011% zero_ratio3: 46.20312% zero_ratio4: 41.21094%
2024-07-21 17:47:31,066 [INFO] bit_common: [step 389]: loss=2.03103 (lr=2.3e-03) zero_ratio1: 47.20052% zero_ratio2: 45.66761% zero_ratio3: 42.62500% zero_ratio4: 38.76355%
2024-07-21 17:47:32,509 [INFO] bit_common: [step 390]: loss=0.62592 (lr=2.3e-03) zero_ratio1: 47.00521% zero_ratio2: 45.46638% zero_ratio3: 42.49219% zero_ratio4: 37.94244%
2024-07-21 17:47:33,847 [INFO] bit_common: [step 391]: loss=0.57018 (lr=2.3e-03) zero_ratio1: 47.42839% zero_ratio2: 46.49621% zero_ratio3: 44.91017% zero_ratio4: 40.37388%
2024-07-21 17:48:53,731 [INFO] bit_common: Namespace(name='grad_out_zero_num_c_50', model='BiT-M-R50x1', logdir='./', bit_pretrained_dir='.', dataset='cifar100', examples_per_class=None, examples_per_class_seed=0, batch=512, batch_split=1, base_lr=0.003, eval_every=None, datadir='../data', workers=8, save=True)
2024-07-21 17:48:53,787 [INFO] bit_common: Going to train on cuda:0
2024-07-21 17:48:55,083 [INFO] bit_common: Using a training set with 50000 images.
2024-07-21 17:48:55,084 [INFO] bit_common: Using a validation set with 10000 images.
2024-07-21 17:48:55,084 [INFO] bit_common: Loading model from BiT-M-R50x1.npz
2024-07-21 17:48:55,315 [INFO] bit_common: Moving model onto all GPUs
2024-07-21 17:48:55,317 [INFO] bit_common: Model will be saved in './grad_out_zero_num_c_50/bit.pth.tar'
2024-07-21 17:48:55,317 [INFO] bit_common: Fine-tuning from BiT
2024-07-21 17:48:56,253 [INFO] bit_common: Starting training!
2024-07-21 17:49:09,807 [INFO] bit_common: [step 0]: loss=4.60517 (lr=0.0e+00) zero_ratio1: 100.00000% zero_ratio2: 100.00000% zero_ratio3: 100.00000% zero_ratio4: 100.00000%
2024-07-21 17:49:15,009 [INFO] bit_common: [step 1]: loss=4.60517 (lr=6.0e-06) zero_ratio1: 100.00000% zero_ratio2: 100.00000% zero_ratio3: 100.00000% zero_ratio4: 100.00000%
2024-07-21 17:49:20,358 [INFO] bit_common: [step 2]: loss=4.60498 (lr=1.2e-05) zero_ratio1: 50.00000% zero_ratio2: 50.00000% zero_ratio3: 50.00000% zero_ratio4: 48.64876%
2024-07-21 17:49:26,304 [INFO] bit_common: [step 3]: loss=4.60441 (lr=1.8e-05) zero_ratio1: 50.00000% zero_ratio2: 49.95265% zero_ratio3: 46.21484% zero_ratio4: 41.48996%
2024-07-21 17:49:31,621 [INFO] bit_common: [step 4]: loss=4.60309 (lr=2.4e-05) zero_ratio1: 47.33073% zero_ratio2: 38.66004% zero_ratio3: 24.86719% zero_ratio4: 27.43144%
2024-07-21 17:49:38,282 [INFO] bit_common: [step 5]: loss=4.60104 (lr=3.0e-05) zero_ratio1: 34.47266% zero_ratio2: 27.75805% zero_ratio3: 32.37109% zero_ratio4: 34.29528%
2024-07-21 17:49:44,208 [INFO] bit_common: [step 6]: loss=4.59785 (lr=3.6e-05) zero_ratio1: 35.97005% zero_ratio2: 31.16714% zero_ratio3: 39.34766% zero_ratio4: 38.11384%
2024-07-21 17:49:50,104 [INFO] bit_common: [step 7]: loss=4.59413 (lr=4.2e-05) zero_ratio1: 37.59766% zero_ratio2: 39.60701% zero_ratio3: 41.00000% zero_ratio4: 39.46508%
2024-07-21 17:49:55,950 [INFO] bit_common: [step 8]: loss=4.58764 (lr=4.8e-05) zero_ratio1: 41.04818% zero_ratio2: 41.85606% zero_ratio3: 43.71094% zero_ratio4: 41.39031%
2024-07-21 17:50:00,924 [INFO] bit_common: [step 9]: loss=4.58641 (lr=5.4e-05) zero_ratio1: 45.54036% zero_ratio2: 44.25900% zero_ratio3: 44.23828% zero_ratio4: 42.07191%
2024-07-21 17:50:06,564 [INFO] bit_common: [step 10]: loss=4.57725 (lr=6.0e-05) zero_ratio1: 45.11719% zero_ratio2: 44.99290% zero_ratio3: 44.50781% zero_ratio4: 41.48597%
2024-07-21 17:50:11,778 [INFO] bit_common: [step 11]: loss=4.56393 (lr=6.6e-05) zero_ratio1: 45.76823% zero_ratio2: 46.22396% zero_ratio3: 44.44531% zero_ratio4: 41.30661%
2024-07-21 17:50:17,511 [INFO] bit_common: [step 12]: loss=4.55355 (lr=7.2e-05) zero_ratio1: 45.14974% zero_ratio2: 45.66761% zero_ratio3: 44.87109% zero_ratio4: 39.95536%
2024-07-21 17:50:23,102 [INFO] bit_common: [step 13]: loss=4.54548 (lr=7.8e-05) zero_ratio1: 46.58203% zero_ratio2: 46.47254% zero_ratio3: 45.38672% zero_ratio4: 40.47353%
2024-07-21 17:50:28,982 [INFO] bit_common: [step 14]: loss=4.53260 (lr=8.4e-05) zero_ratio1: 46.45182% zero_ratio2: 46.35417% zero_ratio3: 44.95312% zero_ratio4: 39.96732%
2024-07-21 17:50:33,988 [INFO] bit_common: [step 15]: loss=4.51328 (lr=9.0e-05) zero_ratio1: 45.27995% zero_ratio2: 45.02841% zero_ratio3: 45.08594% zero_ratio4: 39.39732%
2024-07-21 17:50:39,719 [INFO] bit_common: [step 16]: loss=4.49950 (lr=9.6e-05) zero_ratio1: 46.22396% zero_ratio2: 46.65009% zero_ratio3: 45.75000% zero_ratio4: 39.83578%
2024-07-21 17:50:44,927 [INFO] bit_common: [step 17]: loss=4.47802 (lr=1.0e-04) zero_ratio1: 46.25651% zero_ratio2: 45.07576% zero_ratio3: 45.04688% zero_ratio4: 38.58020%
2024-07-21 17:50:50,435 [INFO] bit_common: [step 18]: loss=4.48168 (lr=1.1e-04) zero_ratio1: 46.94010% zero_ratio2: 44.64962% zero_ratio3: 45.57812% zero_ratio4: 38.26133%
2024-07-21 17:50:55,221 [INFO] bit_common: [step 19]: loss=4.44410 (lr=1.1e-04) zero_ratio1: 46.94010% zero_ratio2: 45.77415% zero_ratio3: 45.41016% zero_ratio4: 38.24139%
2024-07-21 17:51:01,195 [INFO] bit_common: [step 20]: loss=4.42237 (lr=1.2e-04) zero_ratio1: 44.75911% zero_ratio2: 45.72680% zero_ratio3: 44.64844% zero_ratio4: 38.05804%
2024-07-21 17:51:07,392 [INFO] bit_common: [step 21]: loss=4.40686 (lr=1.3e-04) zero_ratio1: 46.32161% zero_ratio2: 45.91619% zero_ratio3: 44.17969% zero_ratio4: 37.52392%
